Determining if the function _chmod exists failed with the following output:
Change Dir: /Users/bektchiev/Downloads/libzip-1.5.2/cmake-build/CMakeFiles/CMakeTmp

Run Build Command(s):/usr/bin/xcodebuild -project CMAKE_TRY_COMPILE.xcodeproj build -target cmTC_f5a1a -configuration Debug -hideShellScriptEnvironment 
User defaults from command line:
    HideShellScriptEnvironment = YES

Prepare build
note: Using legacy build system

Build Preparation
Build task concurrency set to 8 via user default IDEBuildOperationMaxNumberOfConcurrentCompileTasks

=== BUILD TARGET cmTC_f5a1a OF PROJECT CMAKE_TRY_COMPILE WITH CONFIGURATION Debug ===

Check dependencies

Write auxiliary files
/bin/mkdir -p /Users/bektchiev/Downloads/libzip-1.5.2/cmake-build/CMakeFiles/CMakeTmp/CMAKE_TRY_COMPILE.build/Debug/cmTC_f5a1a.build/Objects-normal/x86_64
write-file /Users/bektchiev/Downloads/libzip-1.5.2/cmake-build/CMakeFiles/CMakeTmp/CMAKE_TRY_COMPILE.build/Debug/cmTC_f5a1a.build/Objects-normal/x86_64/cmTC_f5a1a.LinkFileList

CompileC CMAKE_TRY_COMPILE.build/Debug/cmTC_f5a1a.build/Objects-normal/x86_64/CheckFunctionExists.o /usr/local/Cellar/cmake/3.14.4/share/cmake/Modules/CheckFunctionExists.c normal x86_64 c com.apple.compilers.llvm.clang.1_0.compiler
    (running because there is no record of having run this command since the last clean)
    cd /Users/bektchiev/Downloads/libzip-1.5.2/cmake-build/CMakeFiles/CMakeTmp
    /Applications/Xcode-beta.app/Contents/Developer/Toolchains/XcodeDefault.xctoolchain/usr/bin/clang -x c -target x86_64-apple-macos10.15 -fmessage-length=0 -fdiagnostics-show-note-include-stack -fmacro-backtrace-limit=0 -Wno-trigraphs -fpascal-strings -O0 -Wno-missing-field-initializers -Wno-missing-prototypes -Wno-return-type -Wno-missing-braces -Wparentheses -Wswitch -Wno-unused-function -Wno-unused-label -Wno-unused-parameter -Wno-unused-variable -Wunused-value -Wno-empty-body -Wno-uninitialized -Wno-unknown-pragmas -Wno-shadow -Wno-four-char-constants -Wno-conversion -Wno-constant-conversion -Wno-int-conversion -Wno-bool-conversion -Wno-enum-conversion -Wno-float-conversion -Wno-non-literal-null-conversion -Wno-objc-literal-conversion -Wno-shorten-64-to-32 -Wpointer-sign -Wno-newline-eof -DCMAKE_INTDIR=\"Debug\" -isysroot /Applications/Xcode-beta.app/Contents/Developer/Platforms/MacOSX.platform/Developer/SDKs/MacOSX10.15.sdk -fasm-blocks -fstrict-aliasing -Wdeprecated-declarations -g -Wno-sign-conversion -Wno-infinite-recursion -Wno-comma -Wno-block-capture-autoreleasing -Wno-strict-prototypes -Wno-semicolon-before-method-body -I/Users/bektchiev/Downloads/libzip-1.5.2/cmake-build/CMakeFiles/CMakeTmp/Debug/include -I/Users/bektchiev/Downloads/libzip-1.5.2/cmake-build/CMakeFiles/CMakeTmp/CMAKE_TRY_COMPILE.build/Debug/cmTC_f5a1a.build/DerivedSources-normal/x86_64 -I/Users/bektchiev/Downloads/libzip-1.5.2/cmake-build/CMakeFiles/CMakeTmp/CMAKE_TRY_COMPILE.build/Debug/cmTC_f5a1a.build/DerivedSources/x86_64 -I/Users/bektchiev/Downloads/libzip-1.5.2/cmake-build/CMakeFiles/CMakeTmp/CMAKE_TRY_COMPILE.build/Debug/cmTC_f5a1a.build/DerivedSources -Wmost -Wno-four-char-constants -Wno-unknown-pragmas -F/Users/bektchiev/Downloads/libzip-1.5.2/cmake-build/CMakeFiles/CMakeTmp/Debug -DCHECK_FUNCTION_EXISTS=_chmod -MMD -MT dependencies -MF /Users/bektchiev/Downloads/libzip-1.5.2/cmake-build/CMakeFiles/CMakeTmp/CMAKE_TRY_COMPILE.build/Debug/cmTC_f5a1a.build/Objects-normal/x86_64/CheckFunctionExists.d --serialize-diagnostics /Users/bektchiev/Downloads/libzip-1.5.2/cmake-build/CMakeFiles/CMakeTmp/CMAKE_TRY_COMPILE.build/Debug/cmTC_f5a1a.build/Objects-normal/x86_64/CheckFunctionExists.dia -c /usr/local/Cellar/cmake/3.14.4/share/cmake/Modules/CheckFunctionExists.c -o /Users/bektchiev/Downloads/libzip-1.5.2/cmake-build/CMakeFiles/CMakeTmp/CMAKE_TRY_COMPILE.build/Debug/cmTC_f5a1a.build/Objects-normal/x86_64/CheckFunctionExists.o

Ld Debug/cmTC_f5a1a normal x86_64
    (running because there is no record of having run this command since the last clean)
    cd /Users/bektchiev/Downloads/libzip-1.5.2/cmake-build/CMakeFiles/CMakeTmp
    /Applications/Xcode-beta.app/Contents/Developer/Toolchains/XcodeDefault.xctoolchain/usr/bin/clang -target x86_64-apple-macos10.15 -isysroot /Applications/Xcode-beta.app/Contents/Developer/Platforms/MacOSX.platform/Developer/SDKs/MacOSX10.15.sdk -L/Users/bektchiev/Downloads/libzip-1.5.2/cmake-build/CMakeFiles/CMakeTmp/Debug -F/Users/bektchiev/Downloads/libzip-1.5.2/cmake-build/CMakeFiles/CMakeTmp/Debug -filelist /Users/bektchiev/Downloads/libzip-1.5.2/cmake-build/CMakeFiles/CMakeTmp/CMAKE_TRY_COMPILE.build/Debug/cmTC_f5a1a.build/Objects-normal/x86_64/cmTC_f5a1a.LinkFileList -Xlinker -object_path_lto -Xlinker /Users/bektchiev/Downloads/libzip-1.5.2/cmake-build/CMakeFiles/CMakeTmp/CMAKE_TRY_COMPILE.build/Debug/cmTC_f5a1a.build/Objects-normal/x86_64/cmTC_f5a1a_lto.o -Xlinker -no_deduplicate -Wl,-search_paths_first -Wl,-headerpad_max_install_names -Xlinker -dependency_info -Xlinker /Users/bektchiev/Downloads/libzip-1.5.2/cmake-build/CMakeFiles/CMakeTmp/CMAKE_TRY_COMPILE.build/Debug/cmTC_f5a1a.build/Objects-normal/x86_64/cmTC_f5a1a_dependency_info.dat -o /Users/bektchiev/Downloads/libzip-1.5.2/cmake-build/CMakeFiles/CMakeTmp/Debug/cmTC_f5a1a
Undefined symbols for architecture x86_64:
  "__chmod", referenced from:
      _main in CheckFunctionExists.o
ld: symbol(s) not found for architecture x86_64
clang: error: linker command failed with exit code 1 (use -v to see invocation)

** BUILD FAILED **


The following build commands failed:
	Ld Debug/cmTC_f5a1a normal x86_64
(1 failure)


Determining if the function _close exists failed with the following output:
Change Dir: /Users/bektchiev/Downloads/libzip-1.5.2/cmake-build/CMakeFiles/CMakeTmp

Run Build Command(s):/usr/bin/xcodebuild -project CMAKE_TRY_COMPILE.xcodeproj build -target cmTC_fc438 -configuration Debug -hideShellScriptEnvironment 
User defaults from command line:
    HideShellScriptEnvironment = YES

Prepare build
note: Using legacy build system

Build Preparation
Build task concurrency set to 8 via user default IDEBuildOperationMaxNumberOfConcurrentCompileTasks

=== BUILD TARGET cmTC_fc438 OF PROJECT CMAKE_TRY_COMPILE WITH CONFIGURATION Debug ===

Check dependencies

Write auxiliary files
/bin/mkdir -p /Users/bektchiev/Downloads/libzip-1.5.2/cmake-build/CMakeFiles/CMakeTmp/CMAKE_TRY_COMPILE.build/Debug/cmTC_fc438.build/Objects-normal/x86_64
write-file /Users/bektchiev/Downloads/libzip-1.5.2/cmake-build/CMakeFiles/CMakeTmp/CMAKE_TRY_COMPILE.build/Debug/cmTC_fc438.build/Objects-normal/x86_64/cmTC_fc438.LinkFileList

CompileC CMAKE_TRY_COMPILE.build/Debug/cmTC_fc438.build/Objects-normal/x86_64/CheckFunctionExists.o /usr/local/Cellar/cmake/3.14.4/share/cmake/Modules/CheckFunctionExists.c normal x86_64 c com.apple.compilers.llvm.clang.1_0.compiler
    (running because there is no record of having run this command since the last clean)
    cd /Users/bektchiev/Downloads/libzip-1.5.2/cmake-build/CMakeFiles/CMakeTmp
    /Applications/Xcode-beta.app/Contents/Developer/Toolchains/XcodeDefault.xctoolchain/usr/bin/clang -x c -target x86_64-apple-macos10.15 -fmessage-length=0 -fdiagnostics-show-note-include-stack -fmacro-backtrace-limit=0 -Wno-trigraphs -fpascal-strings -O0 -Wno-missing-field-initializers -Wno-missing-prototypes -Wno-return-type -Wno-missing-braces -Wparentheses -Wswitch -Wno-unused-function -Wno-unused-label -Wno-unused-parameter -Wno-unused-variable -Wunused-value -Wno-empty-body -Wno-uninitialized -Wno-unknown-pragmas -Wno-shadow -Wno-four-char-constants -Wno-conversion -Wno-constant-conversion -Wno-int-conversion -Wno-bool-conversion -Wno-enum-conversion -Wno-float-conversion -Wno-non-literal-null-conversion -Wno-objc-literal-conversion -Wno-shorten-64-to-32 -Wpointer-sign -Wno-newline-eof -DCMAKE_INTDIR=\"Debug\" -isysroot /Applications/Xcode-beta.app/Contents/Developer/Platforms/MacOSX.platform/Developer/SDKs/MacOSX10.15.sdk -fasm-blocks -fstrict-aliasing -Wdeprecated-declarations -g -Wno-sign-conversion -Wno-infinite-recursion -Wno-comma -Wno-block-capture-autoreleasing -Wno-strict-prototypes -Wno-semicolon-before-method-body -I/Users/bektchiev/Downloads/libzip-1.5.2/cmake-build/CMakeFiles/CMakeTmp/Debug/include -I/Users/bektchiev/Downloads/libzip-1.5.2/cmake-build/CMakeFiles/CMakeTmp/CMAKE_TRY_COMPILE.build/Debug/cmTC_fc438.build/DerivedSources-normal/x86_64 -I/Users/bektchiev/Downloads/libzip-1.5.2/cmake-build/CMakeFiles/CMakeTmp/CMAKE_TRY_COMPILE.build/Debug/cmTC_fc438.build/DerivedSources/x86_64 -I/Users/bektchiev/Downloads/libzip-1.5.2/cmake-build/CMakeFiles/CMakeTmp/CMAKE_TRY_COMPILE.build/Debug/cmTC_fc438.build/DerivedSources -Wmost -Wno-four-char-constants -Wno-unknown-pragmas -F/Users/bektchiev/Downloads/libzip-1.5.2/cmake-build/CMakeFiles/CMakeTmp/Debug -DCHECK_FUNCTION_EXISTS=_close -MMD -MT dependencies -MF /Users/bektchiev/Downloads/libzip-1.5.2/cmake-build/CMakeFiles/CMakeTmp/CMAKE_TRY_COMPILE.build/Debug/cmTC_fc438.build/Objects-normal/x86_64/CheckFunctionExists.d --serialize-diagnostics /Users/bektchiev/Downloads/libzip-1.5.2/cmake-build/CMakeFiles/CMakeTmp/CMAKE_TRY_COMPILE.build/Debug/cmTC_fc438.build/Objects-normal/x86_64/CheckFunctionExists.dia -c /usr/local/Cellar/cmake/3.14.4/share/cmake/Modules/CheckFunctionExists.c -o /Users/bektchiev/Downloads/libzip-1.5.2/cmake-build/CMakeFiles/CMakeTmp/CMAKE_TRY_COMPILE.build/Debug/cmTC_fc438.build/Objects-normal/x86_64/CheckFunctionExists.o

Ld Debug/cmTC_fc438 normal x86_64
    (running because there is no record of having run this command since the last clean)
    cd /Users/bektchiev/Downloads/libzip-1.5.2/cmake-build/CMakeFiles/CMakeTmp
    /Applications/Xcode-beta.app/Contents/Developer/Toolchains/XcodeDefault.xctoolchain/usr/bin/clang -target x86_64-apple-macos10.15 -isysroot /Applications/Xcode-beta.app/Contents/Developer/Platforms/MacOSX.platform/Developer/SDKs/MacOSX10.15.sdk -L/Users/bektchiev/Downloads/libzip-1.5.2/cmake-build/CMakeFiles/CMakeTmp/Debug -F/Users/bektchiev/Downloads/libzip-1.5.2/cmake-build/CMakeFiles/CMakeTmp/Debug -filelist /Users/bektchiev/Downloads/libzip-1.5.2/cmake-build/CMakeFiles/CMakeTmp/CMAKE_TRY_COMPILE.build/Debug/cmTC_fc438.build/Objects-normal/x86_64/cmTC_fc438.LinkFileList -Xlinker -object_path_lto -Xlinker /Users/bektchiev/Downloads/libzip-1.5.2/cmake-build/CMakeFiles/CMakeTmp/CMAKE_TRY_COMPILE.build/Debug/cmTC_fc438.build/Objects-normal/x86_64/cmTC_fc438_lto.o -Xlinker -no_deduplicate -Wl,-search_paths_first -Wl,-headerpad_max_install_names -Xlinker -dependency_info -Xlinker /Users/bektchiev/Downloads/libzip-1.5.2/cmake-build/CMakeFiles/CMakeTmp/CMAKE_TRY_COMPILE.build/Debug/cmTC_fc438.build/Objects-normal/x86_64/cmTC_fc438_dependency_info.dat -o /Users/bektchiev/Downloads/libzip-1.5.2/cmake-build/CMakeFiles/CMakeTmp/Debug/cmTC_fc438
Undefined symbols for architecture x86_64:
  "__close", referenced from:
      _main in CheckFunctionExists.o
ld: symbol(s) not found for architecture x86_64
clang: error: linker command failed with exit code 1 (use -v to see invocation)

** BUILD FAILED **


The following build commands failed:
	Ld Debug/cmTC_fc438 normal x86_64
(1 failure)


Determining if the function _dup exists failed with the following output:
Change Dir: /Users/bektchiev/Downloads/libzip-1.5.2/cmake-build/CMakeFiles/CMakeTmp

Run Build Command(s):/usr/bin/xcodebuild -project CMAKE_TRY_COMPILE.xcodeproj build -target cmTC_1fda0 -configuration Debug -hideShellScriptEnvironment 
User defaults from command line:
    HideShellScriptEnvironment = YES

Prepare build
note: Using legacy build system

Build Preparation
Build task concurrency set to 8 via user default IDEBuildOperationMaxNumberOfConcurrentCompileTasks

=== BUILD TARGET cmTC_1fda0 OF PROJECT CMAKE_TRY_COMPILE WITH CONFIGURATION Debug ===

Check dependencies

Write auxiliary files
/bin/mkdir -p /Users/bektchiev/Downloads/libzip-1.5.2/cmake-build/CMakeFiles/CMakeTmp/CMAKE_TRY_COMPILE.build/Debug/cmTC_1fda0.build/Objects-normal/x86_64
write-file /Users/bektchiev/Downloads/libzip-1.5.2/cmake-build/CMakeFiles/CMakeTmp/CMAKE_TRY_COMPILE.build/Debug/cmTC_1fda0.build/Objects-normal/x86_64/cmTC_1fda0.LinkFileList

CompileC CMAKE_TRY_COMPILE.build/Debug/cmTC_1fda0.build/Objects-normal/x86_64/CheckFunctionExists.o /usr/local/Cellar/cmake/3.14.4/share/cmake/Modules/CheckFunctionExists.c normal x86_64 c com.apple.compilers.llvm.clang.1_0.compiler
    (running because there is no record of having run this command since the last clean)
    cd /Users/bektchiev/Downloads/libzip-1.5.2/cmake-build/CMakeFiles/CMakeTmp
    /Applications/Xcode-beta.app/Contents/Developer/Toolchains/XcodeDefault.xctoolchain/usr/bin/clang -x c -target x86_64-apple-macos10.15 -fmessage-length=0 -fdiagnostics-show-note-include-stack -fmacro-backtrace-limit=0 -Wno-trigraphs -fpascal-strings -O0 -Wno-missing-field-initializers -Wno-missing-prototypes -Wno-return-type -Wno-missing-braces -Wparentheses -Wswitch -Wno-unused-function -Wno-unused-label -Wno-unused-parameter -Wno-unused-variable -Wunused-value -Wno-empty-body -Wno-uninitialized -Wno-unknown-pragmas -Wno-shadow -Wno-four-char-constants -Wno-conversion -Wno-constant-conversion -Wno-int-conversion -Wno-bool-conversion -Wno-enum-conversion -Wno-float-conversion -Wno-non-literal-null-conversion -Wno-objc-literal-conversion -Wno-shorten-64-to-32 -Wpointer-sign -Wno-newline-eof -DCMAKE_INTDIR=\"Debug\" -isysroot /Applications/Xcode-beta.app/Contents/Developer/Platforms/MacOSX.platform/Developer/SDKs/MacOSX10.15.sdk -fasm-blocks -fstrict-aliasing -Wdeprecated-declarations -g -Wno-sign-conversion -Wno-infinite-recursion -Wno-comma -Wno-block-capture-autoreleasing -Wno-strict-prototypes -Wno-semicolon-before-method-body -I/Users/bektchiev/Downloads/libzip-1.5.2/cmake-build/CMakeFiles/CMakeTmp/Debug/include -I/Users/bektchiev/Downloads/libzip-1.5.2/cmake-build/CMakeFiles/CMakeTmp/CMAKE_TRY_COMPILE.build/Debug/cmTC_1fda0.build/DerivedSources-normal/x86_64 -I/Users/bektchiev/Downloads/libzip-1.5.2/cmake-build/CMakeFiles/CMakeTmp/CMAKE_TRY_COMPILE.build/Debug/cmTC_1fda0.build/DerivedSources/x86_64 -I/Users/bektchiev/Downloads/libzip-1.5.2/cmake-build/CMakeFiles/CMakeTmp/CMAKE_TRY_COMPILE.build/Debug/cmTC_1fda0.build/DerivedSources -Wmost -Wno-four-char-constants -Wno-unknown-pragmas -F/Users/bektchiev/Downloads/libzip-1.5.2/cmake-build/CMakeFiles/CMakeTmp/Debug -DCHECK_FUNCTION_EXISTS=_dup -MMD -MT dependencies -MF /Users/bektchiev/Downloads/libzip-1.5.2/cmake-build/CMakeFiles/CMakeTmp/CMAKE_TRY_COMPILE.build/Debug/cmTC_1fda0.build/Objects-normal/x86_64/CheckFunctionExists.d --serialize-diagnostics /Users/bektchiev/Downloads/libzip-1.5.2/cmake-build/CMakeFiles/CMakeTmp/CMAKE_TRY_COMPILE.build/Debug/cmTC_1fda0.build/Objects-normal/x86_64/CheckFunctionExists.dia -c /usr/local/Cellar/cmake/3.14.4/share/cmake/Modules/CheckFunctionExists.c -o /Users/bektchiev/Downloads/libzip-1.5.2/cmake-build/CMakeFiles/CMakeTmp/CMAKE_TRY_COMPILE.build/Debug/cmTC_1fda0.build/Objects-normal/x86_64/CheckFunctionExists.o

Ld Debug/cmTC_1fda0 normal x86_64
    (running because there is no record of having run this command since the last clean)
    cd /Users/bektchiev/Downloads/libzip-1.5.2/cmake-build/CMakeFiles/CMakeTmp
    /Applications/Xcode-beta.app/Contents/Developer/Toolchains/XcodeDefault.xctoolchain/usr/bin/clang -target x86_64-apple-macos10.15 -isysroot /Applications/Xcode-beta.app/Contents/Developer/Platforms/MacOSX.platform/Developer/SDKs/MacOSX10.15.sdk -L/Users/bektchiev/Downloads/libzip-1.5.2/cmake-build/CMakeFiles/CMakeTmp/Debug -F/Users/bektchiev/Downloads/libzip-1.5.2/cmake-build/CMakeFiles/CMakeTmp/Debug -filelist /Users/bektchiev/Downloads/libzip-1.5.2/cmake-build/CMakeFiles/CMakeTmp/CMAKE_TRY_COMPILE.build/Debug/cmTC_1fda0.build/Objects-normal/x86_64/cmTC_1fda0.LinkFileList -Xlinker -object_path_lto -Xlinker /Users/bektchiev/Downloads/libzip-1.5.2/cmake-build/CMakeFiles/CMakeTmp/CMAKE_TRY_COMPILE.build/Debug/cmTC_1fda0.build/Objects-normal/x86_64/cmTC_1fda0_lto.o -Xlinker -no_deduplicate -Wl,-search_paths_first -Wl,-headerpad_max_install_names -Xlinker -dependency_info -Xlinker /Users/bektchiev/Downloads/libzip-1.5.2/cmake-build/CMakeFiles/CMakeTmp/CMAKE_TRY_COMPILE.build/Debug/cmTC_1fda0.build/Objects-normal/x86_64/cmTC_1fda0_dependency_info.dat -o /Users/bektchiev/Downloads/libzip-1.5.2/cmake-build/CMakeFiles/CMakeTmp/Debug/cmTC_1fda0
Undefined symbols for architecture x86_64:
  "__dup", referenced from:
      _main in CheckFunctionExists.o
ld: symbol(s) not found for architecture x86_64
clang: error: linker command failed with exit code 1 (use -v to see invocation)

** BUILD FAILED **


The following build commands failed:
	Ld Debug/cmTC_1fda0 normal x86_64
(1 failure)


Determining if the function _fdopen exists failed with the following output:
Change Dir: /Users/bektchiev/Downloads/libzip-1.5.2/cmake-build/CMakeFiles/CMakeTmp

Run Build Command(s):/usr/bin/xcodebuild -project CMAKE_TRY_COMPILE.xcodeproj build -target cmTC_559c3 -configuration Debug -hideShellScriptEnvironment 
User defaults from command line:
    HideShellScriptEnvironment = YES

Prepare build
note: Using legacy build system

Build Preparation
Build task concurrency set to 8 via user default IDEBuildOperationMaxNumberOfConcurrentCompileTasks

=== BUILD TARGET cmTC_559c3 OF PROJECT CMAKE_TRY_COMPILE WITH CONFIGURATION Debug ===

Check dependencies

Write auxiliary files
/bin/mkdir -p /Users/bektchiev/Downloads/libzip-1.5.2/cmake-build/CMakeFiles/CMakeTmp/CMAKE_TRY_COMPILE.build/Debug/cmTC_559c3.build/Objects-normal/x86_64
write-file /Users/bektchiev/Downloads/libzip-1.5.2/cmake-build/CMakeFiles/CMakeTmp/CMAKE_TRY_COMPILE.build/Debug/cmTC_559c3.build/Objects-normal/x86_64/cmTC_559c3.LinkFileList

CompileC CMAKE_TRY_COMPILE.build/Debug/cmTC_559c3.build/Objects-normal/x86_64/CheckFunctionExists.o /usr/local/Cellar/cmake/3.14.4/share/cmake/Modules/CheckFunctionExists.c normal x86_64 c com.apple.compilers.llvm.clang.1_0.compiler
    (running because there is no record of having run this command since the last clean)
    cd /Users/bektchiev/Downloads/libzip-1.5.2/cmake-build/CMakeFiles/CMakeTmp
    /Applications/Xcode-beta.app/Contents/Developer/Toolchains/XcodeDefault.xctoolchain/usr/bin/clang -x c -target x86_64-apple-macos10.15 -fmessage-length=0 -fdiagnostics-show-note-include-stack -fmacro-backtrace-limit=0 -Wno-trigraphs -fpascal-strings -O0 -Wno-missing-field-initializers -Wno-missing-prototypes -Wno-return-type -Wno-missing-braces -Wparentheses -Wswitch -Wno-unused-function -Wno-unused-label -Wno-unused-parameter -Wno-unused-variable -Wunused-value -Wno-empty-body -Wno-uninitialized -Wno-unknown-pragmas -Wno-shadow -Wno-four-char-constants -Wno-conversion -Wno-constant-conversion -Wno-int-conversion -Wno-bool-conversion -Wno-enum-conversion -Wno-float-conversion -Wno-non-literal-null-conversion -Wno-objc-literal-conversion -Wno-shorten-64-to-32 -Wpointer-sign -Wno-newline-eof -DCMAKE_INTDIR=\"Debug\" -isysroot /Applications/Xcode-beta.app/Contents/Developer/Platforms/MacOSX.platform/Developer/SDKs/MacOSX10.15.sdk -fasm-blocks -fstrict-aliasing -Wdeprecated-declarations -g -Wno-sign-conversion -Wno-infinite-recursion -Wno-comma -Wno-block-capture-autoreleasing -Wno-strict-prototypes -Wno-semicolon-before-method-body -I/Users/bektchiev/Downloads/libzip-1.5.2/cmake-build/CMakeFiles/CMakeTmp/Debug/include -I/Users/bektchiev/Downloads/libzip-1.5.2/cmake-build/CMakeFiles/CMakeTmp/CMAKE_TRY_COMPILE.build/Debug/cmTC_559c3.build/DerivedSources-normal/x86_64 -I/Users/bektchiev/Downloads/libzip-1.5.2/cmake-build/CMakeFiles/CMakeTmp/CMAKE_TRY_COMPILE.build/Debug/cmTC_559c3.build/DerivedSources/x86_64 -I/Users/bektchiev/Downloads/libzip-1.5.2/cmake-build/CMakeFiles/CMakeTmp/CMAKE_TRY_COMPILE.build/Debug/cmTC_559c3.build/DerivedSources -Wmost -Wno-four-char-constants -Wno-unknown-pragmas -F/Users/bektchiev/Downloads/libzip-1.5.2/cmake-build/CMakeFiles/CMakeTmp/Debug -DCHECK_FUNCTION_EXISTS=_fdopen -MMD -MT dependencies -MF /Users/bektchiev/Downloads/libzip-1.5.2/cmake-build/CMakeFiles/CMakeTmp/CMAKE_TRY_COMPILE.build/Debug/cmTC_559c3.build/Objects-normal/x86_64/CheckFunctionExists.d --serialize-diagnostics /Users/bektchiev/Downloads/libzip-1.5.2/cmake-build/CMakeFiles/CMakeTmp/CMAKE_TRY_COMPILE.build/Debug/cmTC_559c3.build/Objects-normal/x86_64/CheckFunctionExists.dia -c /usr/local/Cellar/cmake/3.14.4/share/cmake/Modules/CheckFunctionExists.c -o /Users/bektchiev/Downloads/libzip-1.5.2/cmake-build/CMakeFiles/CMakeTmp/CMAKE_TRY_COMPILE.build/Debug/cmTC_559c3.build/Objects-normal/x86_64/CheckFunctionExists.o

Ld Debug/cmTC_559c3 normal x86_64
    (running because there is no record of having run this command since the last clean)
    cd /Users/bektchiev/Downloads/libzip-1.5.2/cmake-build/CMakeFiles/CMakeTmp
    /Applications/Xcode-beta.app/Contents/Developer/Toolchains/XcodeDefault.xctoolchain/usr/bin/clang -target x86_64-apple-macos10.15 -isysroot /Applications/Xcode-beta.app/Contents/Developer/Platforms/MacOSX.platform/Developer/SDKs/MacOSX10.15.sdk -L/Users/bektchiev/Downloads/libzip-1.5.2/cmake-build/CMakeFiles/CMakeTmp/Debug -F/Users/bektchiev/Downloads/libzip-1.5.2/cmake-build/CMakeFiles/CMakeTmp/Debug -filelist /Users/bektchiev/Downloads/libzip-1.5.2/cmake-build/CMakeFiles/CMakeTmp/CMAKE_TRY_COMPILE.build/Debug/cmTC_559c3.build/Objects-normal/x86_64/cmTC_559c3.LinkFileList -Xlinker -object_path_lto -Xlinker /Users/bektchiev/Downloads/libzip-1.5.2/cmake-build/CMakeFiles/CMakeTmp/CMAKE_TRY_COMPILE.build/Debug/cmTC_559c3.build/Objects-normal/x86_64/cmTC_559c3_lto.o -Xlinker -no_deduplicate -Wl,-search_paths_first -Wl,-headerpad_max_install_names -Xlinker -dependency_info -Xlinker /Users/bektchiev/Downloads/libzip-1.5.2/cmake-build/CMakeFiles/CMakeTmp/CMAKE_TRY_COMPILE.build/Debug/cmTC_559c3.build/Objects-normal/x86_64/cmTC_559c3_dependency_info.dat -o /Users/bektchiev/Downloads/libzip-1.5.2/cmake-build/CMakeFiles/CMakeTmp/Debug/cmTC_559c3
Undefined symbols for architecture x86_64:
  "__fdopen", referenced from:
      _main in CheckFunctionExists.o
ld: symbol(s) not found for architecture x86_64
clang: error: linker command failed with exit code 1 (use -v to see invocation)

** BUILD FAILED **


The following build commands failed:
	Ld Debug/cmTC_559c3 normal x86_64
(1 failure)


Determining if the function _fileno exists failed with the following output:
Change Dir: /Users/bektchiev/Downloads/libzip-1.5.2/cmake-build/CMakeFiles/CMakeTmp

Run Build Command(s):/usr/bin/xcodebuild -project CMAKE_TRY_COMPILE.xcodeproj build -target cmTC_36132 -configuration Debug -hideShellScriptEnvironment 
User defaults from command line:
    HideShellScriptEnvironment = YES

Prepare build
note: Using legacy build system

Build Preparation
Build task concurrency set to 8 via user default IDEBuildOperationMaxNumberOfConcurrentCompileTasks

=== BUILD TARGET cmTC_36132 OF PROJECT CMAKE_TRY_COMPILE WITH CONFIGURATION Debug ===

Check dependencies

Write auxiliary files
/bin/mkdir -p /Users/bektchiev/Downloads/libzip-1.5.2/cmake-build/CMakeFiles/CMakeTmp/CMAKE_TRY_COMPILE.build/Debug/cmTC_36132.build/Objects-normal/x86_64
write-file /Users/bektchiev/Downloads/libzip-1.5.2/cmake-build/CMakeFiles/CMakeTmp/CMAKE_TRY_COMPILE.build/Debug/cmTC_36132.build/Objects-normal/x86_64/cmTC_36132.LinkFileList

CompileC CMAKE_TRY_COMPILE.build/Debug/cmTC_36132.build/Objects-normal/x86_64/CheckFunctionExists.o /usr/local/Cellar/cmake/3.14.4/share/cmake/Modules/CheckFunctionExists.c normal x86_64 c com.apple.compilers.llvm.clang.1_0.compiler
    (running because there is no record of having run this command since the last clean)
    cd /Users/bektchiev/Downloads/libzip-1.5.2/cmake-build/CMakeFiles/CMakeTmp
    /Applications/Xcode-beta.app/Contents/Developer/Toolchains/XcodeDefault.xctoolchain/usr/bin/clang -x c -target x86_64-apple-macos10.15 -fmessage-length=0 -fdiagnostics-show-note-include-stack -fmacro-backtrace-limit=0 -Wno-trigraphs -fpascal-strings -O0 -Wno-missing-field-initializers -Wno-missing-prototypes -Wno-return-type -Wno-missing-braces -Wparentheses -Wswitch -Wno-unused-function -Wno-unused-label -Wno-unused-parameter -Wno-unused-variable -Wunused-value -Wno-empty-body -Wno-uninitialized -Wno-unknown-pragmas -Wno-shadow -Wno-four-char-constants -Wno-conversion -Wno-constant-conversion -Wno-int-conversion -Wno-bool-conversion -Wno-enum-conversion -Wno-float-conversion -Wno-non-literal-null-conversion -Wno-objc-literal-conversion -Wno-shorten-64-to-32 -Wpointer-sign -Wno-newline-eof -DCMAKE_INTDIR=\"Debug\" -isysroot /Applications/Xcode-beta.app/Contents/Developer/Platforms/MacOSX.platform/Developer/SDKs/MacOSX10.15.sdk -fasm-blocks -fstrict-aliasing -Wdeprecated-declarations -g -Wno-sign-conversion -Wno-infinite-recursion -Wno-comma -Wno-block-capture-autoreleasing -Wno-strict-prototypes -Wno-semicolon-before-method-body -I/Users/bektchiev/Downloads/libzip-1.5.2/cmake-build/CMakeFiles/CMakeTmp/Debug/include -I/Users/bektchiev/Downloads/libzip-1.5.2/cmake-build/CMakeFiles/CMakeTmp/CMAKE_TRY_COMPILE.build/Debug/cmTC_36132.build/DerivedSources-normal/x86_64 -I/Users/bektchiev/Downloads/libzip-1.5.2/cmake-build/CMakeFiles/CMakeTmp/CMAKE_TRY_COMPILE.build/Debug/cmTC_36132.build/DerivedSources/x86_64 -I/Users/bektchiev/Downloads/libzip-1.5.2/cmake-build/CMakeFiles/CMakeTmp/CMAKE_TRY_COMPILE.build/Debug/cmTC_36132.build/DerivedSources -Wmost -Wno-four-char-constants -Wno-unknown-pragmas -F/Users/bektchiev/Downloads/libzip-1.5.2/cmake-build/CMakeFiles/CMakeTmp/Debug -DCHECK_FUNCTION_EXISTS=_fileno -MMD -MT dependencies -MF /Users/bektchiev/Downloads/libzip-1.5.2/cmake-build/CMakeFiles/CMakeTmp/CMAKE_TRY_COMPILE.build/Debug/cmTC_36132.build/Objects-normal/x86_64/CheckFunctionExists.d --serialize-diagnostics /Users/bektchiev/Downloads/libzip-1.5.2/cmake-build/CMakeFiles/CMakeTmp/CMAKE_TRY_COMPILE.build/Debug/cmTC_36132.build/Objects-normal/x86_64/CheckFunctionExists.dia -c /usr/local/Cellar/cmake/3.14.4/share/cmake/Modules/CheckFunctionExists.c -o /Users/bektchiev/Downloads/libzip-1.5.2/cmake-build/CMakeFiles/CMakeTmp/CMAKE_TRY_COMPILE.build/Debug/cmTC_36132.build/Objects-normal/x86_64/CheckFunctionExists.o

Ld Debug/cmTC_36132 normal x86_64
    (running because there is no record of having run this command since the last clean)
    cd /Users/bektchiev/Downloads/libzip-1.5.2/cmake-build/CMakeFiles/CMakeTmp
    /Applications/Xcode-beta.app/Contents/Developer/Toolchains/XcodeDefault.xctoolchain/usr/bin/clang -target x86_64-apple-macos10.15 -isysroot /Applications/Xcode-beta.app/Contents/Developer/Platforms/MacOSX.platform/Developer/SDKs/MacOSX10.15.sdk -L/Users/bektchiev/Downloads/libzip-1.5.2/cmake-build/CMakeFiles/CMakeTmp/Debug -F/Users/bektchiev/Downloads/libzip-1.5.2/cmake-build/CMakeFiles/CMakeTmp/Debug -filelist /Users/bektchiev/Downloads/libzip-1.5.2/cmake-build/CMakeFiles/CMakeTmp/CMAKE_TRY_COMPILE.build/Debug/cmTC_36132.build/Objects-normal/x86_64/cmTC_36132.LinkFileList -Xlinker -object_path_lto -Xlinker /Users/bektchiev/Downloads/libzip-1.5.2/cmake-build/CMakeFiles/CMakeTmp/CMAKE_TRY_COMPILE.build/Debug/cmTC_36132.build/Objects-normal/x86_64/cmTC_36132_lto.o -Xlinker -no_deduplicate -Wl,-search_paths_first -Wl,-headerpad_max_install_names -Xlinker -dependency_info -Xlinker /Users/bektchiev/Downloads/libzip-1.5.2/cmake-build/CMakeFiles/CMakeTmp/CMAKE_TRY_COMPILE.build/Debug/cmTC_36132.build/Objects-normal/x86_64/cmTC_36132_dependency_info.dat -o /Users/bektchiev/Downloads/libzip-1.5.2/cmake-build/CMakeFiles/CMakeTmp/Debug/cmTC_36132
Undefined symbols for architecture x86_64:
  "__fileno", referenced from:
      _main in CheckFunctionExists.o
ld: symbol(s) not found for architecture x86_64
clang: error: linker command failed with exit code 1 (use -v to see invocation)

** BUILD FAILED **


The following build commands failed:
	Ld Debug/cmTC_36132 normal x86_64
(1 failure)


Determining if the function _open exists failed with the following output:
Change Dir: /Users/bektchiev/Downloads/libzip-1.5.2/cmake-build/CMakeFiles/CMakeTmp

Run Build Command(s):/usr/bin/xcodebuild -project CMAKE_TRY_COMPILE.xcodeproj build -target cmTC_c03ae -configuration Debug -hideShellScriptEnvironment 
User defaults from command line:
    HideShellScriptEnvironment = YES

Prepare build
note: Using legacy build system

Build Preparation
Build task concurrency set to 8 via user default IDEBuildOperationMaxNumberOfConcurrentCompileTasks

=== BUILD TARGET cmTC_c03ae OF PROJECT CMAKE_TRY_COMPILE WITH CONFIGURATION Debug ===

Check dependencies

Write auxiliary files
/bin/mkdir -p /Users/bektchiev/Downloads/libzip-1.5.2/cmake-build/CMakeFiles/CMakeTmp/CMAKE_TRY_COMPILE.build/Debug/cmTC_c03ae.build/Objects-normal/x86_64
write-file /Users/bektchiev/Downloads/libzip-1.5.2/cmake-build/CMakeFiles/CMakeTmp/CMAKE_TRY_COMPILE.build/Debug/cmTC_c03ae.build/Objects-normal/x86_64/cmTC_c03ae.LinkFileList

CompileC CMAKE_TRY_COMPILE.build/Debug/cmTC_c03ae.build/Objects-normal/x86_64/CheckFunctionExists.o /usr/local/Cellar/cmake/3.14.4/share/cmake/Modules/CheckFunctionExists.c normal x86_64 c com.apple.compilers.llvm.clang.1_0.compiler
    (running because there is no record of having run this command since the last clean)
    cd /Users/bektchiev/Downloads/libzip-1.5.2/cmake-build/CMakeFiles/CMakeTmp
    /Applications/Xcode-beta.app/Contents/Developer/Toolchains/XcodeDefault.xctoolchain/usr/bin/clang -x c -target x86_64-apple-macos10.15 -fmessage-length=0 -fdiagnostics-show-note-include-stack -fmacro-backtrace-limit=0 -Wno-trigraphs -fpascal-strings -O0 -Wno-missing-field-initializers -Wno-missing-prototypes -Wno-return-type -Wno-missing-braces -Wparentheses -Wswitch -Wno-unused-function -Wno-unused-label -Wno-unused-parameter -Wno-unused-variable -Wunused-value -Wno-empty-body -Wno-uninitialized -Wno-unknown-pragmas -Wno-shadow -Wno-four-char-constants -Wno-conversion -Wno-constant-conversion -Wno-int-conversion -Wno-bool-conversion -Wno-enum-conversion -Wno-float-conversion -Wno-non-literal-null-conversion -Wno-objc-literal-conversion -Wno-shorten-64-to-32 -Wpointer-sign -Wno-newline-eof -DCMAKE_INTDIR=\"Debug\" -isysroot /Applications/Xcode-beta.app/Contents/Developer/Platforms/MacOSX.platform/Developer/SDKs/MacOSX10.15.sdk -fasm-blocks -fstrict-aliasing -Wdeprecated-declarations -g -Wno-sign-conversion -Wno-infinite-recursion -Wno-comma -Wno-block-capture-autoreleasing -Wno-strict-prototypes -Wno-semicolon-before-method-body -I/Users/bektchiev/Downloads/libzip-1.5.2/cmake-build/CMakeFiles/CMakeTmp/Debug/include -I/Users/bektchiev/Downloads/libzip-1.5.2/cmake-build/CMakeFiles/CMakeTmp/CMAKE_TRY_COMPILE.build/Debug/cmTC_c03ae.build/DerivedSources-normal/x86_64 -I/Users/bektchiev/Downloads/libzip-1.5.2/cmake-build/CMakeFiles/CMakeTmp/CMAKE_TRY_COMPILE.build/Debug/cmTC_c03ae.build/DerivedSources/x86_64 -I/Users/bektchiev/Downloads/libzip-1.5.2/cmake-build/CMakeFiles/CMakeTmp/CMAKE_TRY_COMPILE.build/Debug/cmTC_c03ae.build/DerivedSources -Wmost -Wno-four-char-constants -Wno-unknown-pragmas -F/Users/bektchiev/Downloads/libzip-1.5.2/cmake-build/CMakeFiles/CMakeTmp/Debug -DCHECK_FUNCTION_EXISTS=_open -MMD -MT dependencies -MF /Users/bektchiev/Downloads/libzip-1.5.2/cmake-build/CMakeFiles/CMakeTmp/CMAKE_TRY_COMPILE.build/Debug/cmTC_c03ae.build/Objects-normal/x86_64/CheckFunctionExists.d --serialize-diagnostics /Users/bektchiev/Downloads/libzip-1.5.2/cmake-build/CMakeFiles/CMakeTmp/CMAKE_TRY_COMPILE.build/Debug/cmTC_c03ae.build/Objects-normal/x86_64/CheckFunctionExists.dia -c /usr/local/Cellar/cmake/3.14.4/share/cmake/Modules/CheckFunctionExists.c -o /Users/bektchiev/Downloads/libzip-1.5.2/cmake-build/CMakeFiles/CMakeTmp/CMAKE_TRY_COMPILE.build/Debug/cmTC_c03ae.build/Objects-normal/x86_64/CheckFunctionExists.o

Ld Debug/cmTC_c03ae normal x86_64
    (running because there is no record of having run this command since the last clean)
    cd /Users/bektchiev/Downloads/libzip-1.5.2/cmake-build/CMakeFiles/CMakeTmp
    /Applications/Xcode-beta.app/Contents/Developer/Toolchains/XcodeDefault.xctoolchain/usr/bin/clang -target x86_64-apple-macos10.15 -isysroot /Applications/Xcode-beta.app/Contents/Developer/Platforms/MacOSX.platform/Developer/SDKs/MacOSX10.15.sdk -L/Users/bektchiev/Downloads/libzip-1.5.2/cmake-build/CMakeFiles/CMakeTmp/Debug -F/Users/bektchiev/Downloads/libzip-1.5.2/cmake-build/CMakeFiles/CMakeTmp/Debug -filelist /Users/bektchiev/Downloads/libzip-1.5.2/cmake-build/CMakeFiles/CMakeTmp/CMAKE_TRY_COMPILE.build/Debug/cmTC_c03ae.build/Objects-normal/x86_64/cmTC_c03ae.LinkFileList -Xlinker -object_path_lto -Xlinker /Users/bektchiev/Downloads/libzip-1.5.2/cmake-build/CMakeFiles/CMakeTmp/CMAKE_TRY_COMPILE.build/Debug/cmTC_c03ae.build/Objects-normal/x86_64/cmTC_c03ae_lto.o -Xlinker -no_deduplicate -Wl,-search_paths_first -Wl,-headerpad_max_install_names -Xlinker -dependency_info -Xlinker /Users/bektchiev/Downloads/libzip-1.5.2/cmake-build/CMakeFiles/CMakeTmp/CMAKE_TRY_COMPILE.build/Debug/cmTC_c03ae.build/Objects-normal/x86_64/cmTC_c03ae_dependency_info.dat -o /Users/bektchiev/Downloads/libzip-1.5.2/cmake-build/CMakeFiles/CMakeTmp/Debug/cmTC_c03ae
Undefined symbols for architecture x86_64:
  "__open", referenced from:
      _main in CheckFunctionExists.o
ld: symbol(s) not found for architecture x86_64
clang: error: linker command failed with exit code 1 (use -v to see invocation)

** BUILD FAILED **


The following build commands failed:
	Ld Debug/cmTC_c03ae normal x86_64
(1 failure)


Determining if the function _setmode exists failed with the following output:
Change Dir: /Users/bektchiev/Downloads/libzip-1.5.2/cmake-build/CMakeFiles/CMakeTmp

Run Build Command(s):/usr/bin/xcodebuild -project CMAKE_TRY_COMPILE.xcodeproj build -target cmTC_912fb -configuration Debug -hideShellScriptEnvironment 
User defaults from command line:
    HideShellScriptEnvironment = YES

Prepare build
note: Using legacy build system

Build Preparation
Build task concurrency set to 8 via user default IDEBuildOperationMaxNumberOfConcurrentCompileTasks

=== BUILD TARGET cmTC_912fb OF PROJECT CMAKE_TRY_COMPILE WITH CONFIGURATION Debug ===

Check dependencies

Write auxiliary files
/bin/mkdir -p /Users/bektchiev/Downloads/libzip-1.5.2/cmake-build/CMakeFiles/CMakeTmp/CMAKE_TRY_COMPILE.build/Debug/cmTC_912fb.build/Objects-normal/x86_64
write-file /Users/bektchiev/Downloads/libzip-1.5.2/cmake-build/CMakeFiles/CMakeTmp/CMAKE_TRY_COMPILE.build/Debug/cmTC_912fb.build/Objects-normal/x86_64/cmTC_912fb.LinkFileList

CompileC CMAKE_TRY_COMPILE.build/Debug/cmTC_912fb.build/Objects-normal/x86_64/CheckFunctionExists.o /usr/local/Cellar/cmake/3.14.4/share/cmake/Modules/CheckFunctionExists.c normal x86_64 c com.apple.compilers.llvm.clang.1_0.compiler
    (running because there is no record of having run this command since the last clean)
    cd /Users/bektchiev/Downloads/libzip-1.5.2/cmake-build/CMakeFiles/CMakeTmp
    /Applications/Xcode-beta.app/Contents/Developer/Toolchains/XcodeDefault.xctoolchain/usr/bin/clang -x c -target x86_64-apple-macos10.15 -fmessage-length=0 -fdiagnostics-show-note-include-stack -fmacro-backtrace-limit=0 -Wno-trigraphs -fpascal-strings -O0 -Wno-missing-field-initializers -Wno-missing-prototypes -Wno-return-type -Wno-missing-braces -Wparentheses -Wswitch -Wno-unused-function -Wno-unused-label -Wno-unused-parameter -Wno-unused-variable -Wunused-value -Wno-empty-body -Wno-uninitialized -Wno-unknown-pragmas -Wno-shadow -Wno-four-char-constants -Wno-conversion -Wno-constant-conversion -Wno-int-conversion -Wno-bool-conversion -Wno-enum-conversion -Wno-float-conversion -Wno-non-literal-null-conversion -Wno-objc-literal-conversion -Wno-shorten-64-to-32 -Wpointer-sign -Wno-newline-eof -DCMAKE_INTDIR=\"Debug\" -isysroot /Applications/Xcode-beta.app/Contents/Developer/Platforms/MacOSX.platform/Developer/SDKs/MacOSX10.15.sdk -fasm-blocks -fstrict-aliasing -Wdeprecated-declarations -g -Wno-sign-conversion -Wno-infinite-recursion -Wno-comma -Wno-block-capture-autoreleasing -Wno-strict-prototypes -Wno-semicolon-before-method-body -I/Users/bektchiev/Downloads/libzip-1.5.2/cmake-build/CMakeFiles/CMakeTmp/Debug/include -I/Users/bektchiev/Downloads/libzip-1.5.2/cmake-build/CMakeFiles/CMakeTmp/CMAKE_TRY_COMPILE.build/Debug/cmTC_912fb.build/DerivedSources-normal/x86_64 -I/Users/bektchiev/Downloads/libzip-1.5.2/cmake-build/CMakeFiles/CMakeTmp/CMAKE_TRY_COMPILE.build/Debug/cmTC_912fb.build/DerivedSources/x86_64 -I/Users/bektchiev/Downloads/libzip-1.5.2/cmake-build/CMakeFiles/CMakeTmp/CMAKE_TRY_COMPILE.build/Debug/cmTC_912fb.build/DerivedSources -Wmost -Wno-four-char-constants -Wno-unknown-pragmas -F/Users/bektchiev/Downloads/libzip-1.5.2/cmake-build/CMakeFiles/CMakeTmp/Debug -DCHECK_FUNCTION_EXISTS=_setmode -MMD -MT dependencies -MF /Users/bektchiev/Downloads/libzip-1.5.2/cmake-build/CMakeFiles/CMakeTmp/CMAKE_TRY_COMPILE.build/Debug/cmTC_912fb.build/Objects-normal/x86_64/CheckFunctionExists.d --serialize-diagnostics /Users/bektchiev/Downloads/libzip-1.5.2/cmake-build/CMakeFiles/CMakeTmp/CMAKE_TRY_COMPILE.build/Debug/cmTC_912fb.build/Objects-normal/x86_64/CheckFunctionExists.dia -c /usr/local/Cellar/cmake/3.14.4/share/cmake/Modules/CheckFunctionExists.c -o /Users/bektchiev/Downloads/libzip-1.5.2/cmake-build/CMakeFiles/CMakeTmp/CMAKE_TRY_COMPILE.build/Debug/cmTC_912fb.build/Objects-normal/x86_64/CheckFunctionExists.o

Ld Debug/cmTC_912fb normal x86_64
    (running because there is no record of having run this command since the last clean)
    cd /Users/bektchiev/Downloads/libzip-1.5.2/cmake-build/CMakeFiles/CMakeTmp
    /Applications/Xcode-beta.app/Contents/Developer/Toolchains/XcodeDefault.xctoolchain/usr/bin/clang -target x86_64-apple-macos10.15 -isysroot /Applications/Xcode-beta.app/Contents/Developer/Platforms/MacOSX.platform/Developer/SDKs/MacOSX10.15.sdk -L/Users/bektchiev/Downloads/libzip-1.5.2/cmake-build/CMakeFiles/CMakeTmp/Debug -F/Users/bektchiev/Downloads/libzip-1.5.2/cmake-build/CMakeFiles/CMakeTmp/Debug -filelist /Users/bektchiev/Downloads/libzip-1.5.2/cmake-build/CMakeFiles/CMakeTmp/CMAKE_TRY_COMPILE.build/Debug/cmTC_912fb.build/Objects-normal/x86_64/cmTC_912fb.LinkFileList -Xlinker -object_path_lto -Xlinker /Users/bektchiev/Downloads/libzip-1.5.2/cmake-build/CMakeFiles/CMakeTmp/CMAKE_TRY_COMPILE.build/Debug/cmTC_912fb.build/Objects-normal/x86_64/cmTC_912fb_lto.o -Xlinker -no_deduplicate -Wl,-search_paths_first -Wl,-headerpad_max_install_names -Xlinker -dependency_info -Xlinker /Users/bektchiev/Downloads/libzip-1.5.2/cmake-build/CMakeFiles/CMakeTmp/CMAKE_TRY_COMPILE.build/Debug/cmTC_912fb.build/Objects-normal/x86_64/cmTC_912fb_dependency_info.dat -o /Users/bektchiev/Downloads/libzip-1.5.2/cmake-build/CMakeFiles/CMakeTmp/Debug/cmTC_912fb
Undefined symbols for architecture x86_64:
  "__setmode", referenced from:
      _main in CheckFunctionExists.o
ld: symbol(s) not found for architecture x86_64
clang: error: linker command failed with exit code 1 (use -v to see invocation)

** BUILD FAILED **


The following build commands failed:
	Ld Debug/cmTC_912fb normal x86_64
(1 failure)


Determining if the function _snprintf exists failed with the following output:
Change Dir: /Users/bektchiev/Downloads/libzip-1.5.2/cmake-build/CMakeFiles/CMakeTmp

Run Build Command(s):/usr/bin/xcodebuild -project CMAKE_TRY_COMPILE.xcodeproj build -target cmTC_361f3 -configuration Debug -hideShellScriptEnvironment 
User defaults from command line:
    HideShellScriptEnvironment = YES

Prepare build
note: Using legacy build system

Build Preparation
Build task concurrency set to 8 via user default IDEBuildOperationMaxNumberOfConcurrentCompileTasks

=== BUILD TARGET cmTC_361f3 OF PROJECT CMAKE_TRY_COMPILE WITH CONFIGURATION Debug ===

Check dependencies

Write auxiliary files
/bin/mkdir -p /Users/bektchiev/Downloads/libzip-1.5.2/cmake-build/CMakeFiles/CMakeTmp/CMAKE_TRY_COMPILE.build/Debug/cmTC_361f3.build/Objects-normal/x86_64
write-file /Users/bektchiev/Downloads/libzip-1.5.2/cmake-build/CMakeFiles/CMakeTmp/CMAKE_TRY_COMPILE.build/Debug/cmTC_361f3.build/Objects-normal/x86_64/cmTC_361f3.LinkFileList

CompileC CMAKE_TRY_COMPILE.build/Debug/cmTC_361f3.build/Objects-normal/x86_64/CheckFunctionExists.o /usr/local/Cellar/cmake/3.14.4/share/cmake/Modules/CheckFunctionExists.c normal x86_64 c com.apple.compilers.llvm.clang.1_0.compiler
    (running because there is no record of having run this command since the last clean)
    cd /Users/bektchiev/Downloads/libzip-1.5.2/cmake-build/CMakeFiles/CMakeTmp
    /Applications/Xcode-beta.app/Contents/Developer/Toolchains/XcodeDefault.xctoolchain/usr/bin/clang -x c -target x86_64-apple-macos10.15 -fmessage-length=0 -fdiagnostics-show-note-include-stack -fmacro-backtrace-limit=0 -Wno-trigraphs -fpascal-strings -O0 -Wno-missing-field-initializers -Wno-missing-prototypes -Wno-return-type -Wno-missing-braces -Wparentheses -Wswitch -Wno-unused-function -Wno-unused-label -Wno-unused-parameter -Wno-unused-variable -Wunused-value -Wno-empty-body -Wno-uninitialized -Wno-unknown-pragmas -Wno-shadow -Wno-four-char-constants -Wno-conversion -Wno-constant-conversion -Wno-int-conversion -Wno-bool-conversion -Wno-enum-conversion -Wno-float-conversion -Wno-non-literal-null-conversion -Wno-objc-literal-conversion -Wno-shorten-64-to-32 -Wpointer-sign -Wno-newline-eof -DCMAKE_INTDIR=\"Debug\" -isysroot /Applications/Xcode-beta.app/Contents/Developer/Platforms/MacOSX.platform/Developer/SDKs/MacOSX10.15.sdk -fasm-blocks -fstrict-aliasing -Wdeprecated-declarations -g -Wno-sign-conversion -Wno-infinite-recursion -Wno-comma -Wno-block-capture-autoreleasing -Wno-strict-prototypes -Wno-semicolon-before-method-body -I/Users/bektchiev/Downloads/libzip-1.5.2/cmake-build/CMakeFiles/CMakeTmp/Debug/include -I/Users/bektchiev/Downloads/libzip-1.5.2/cmake-build/CMakeFiles/CMakeTmp/CMAKE_TRY_COMPILE.build/Debug/cmTC_361f3.build/DerivedSources-normal/x86_64 -I/Users/bektchiev/Downloads/libzip-1.5.2/cmake-build/CMakeFiles/CMakeTmp/CMAKE_TRY_COMPILE.build/Debug/cmTC_361f3.build/DerivedSources/x86_64 -I/Users/bektchiev/Downloads/libzip-1.5.2/cmake-build/CMakeFiles/CMakeTmp/CMAKE_TRY_COMPILE.build/Debug/cmTC_361f3.build/DerivedSources -Wmost -Wno-four-char-constants -Wno-unknown-pragmas -F/Users/bektchiev/Downloads/libzip-1.5.2/cmake-build/CMakeFiles/CMakeTmp/Debug -DCHECK_FUNCTION_EXISTS=_snprintf -MMD -MT dependencies -MF /Users/bektchiev/Downloads/libzip-1.5.2/cmake-build/CMakeFiles/CMakeTmp/CMAKE_TRY_COMPILE.build/Debug/cmTC_361f3.build/Objects-normal/x86_64/CheckFunctionExists.d --serialize-diagnostics /Users/bektchiev/Downloads/libzip-1.5.2/cmake-build/CMakeFiles/CMakeTmp/CMAKE_TRY_COMPILE.build/Debug/cmTC_361f3.build/Objects-normal/x86_64/CheckFunctionExists.dia -c /usr/local/Cellar/cmake/3.14.4/share/cmake/Modules/CheckFunctionExists.c -o /Users/bektchiev/Downloads/libzip-1.5.2/cmake-build/CMakeFiles/CMakeTmp/CMAKE_TRY_COMPILE.build/Debug/cmTC_361f3.build/Objects-normal/x86_64/CheckFunctionExists.o

Ld Debug/cmTC_361f3 normal x86_64
    (running because there is no record of having run this command since the last clean)
    cd /Users/bektchiev/Downloads/libzip-1.5.2/cmake-build/CMakeFiles/CMakeTmp
    /Applications/Xcode-beta.app/Contents/Developer/Toolchains/XcodeDefault.xctoolchain/usr/bin/clang -target x86_64-apple-macos10.15 -isysroot /Applications/Xcode-beta.app/Contents/Developer/Platforms/MacOSX.platform/Developer/SDKs/MacOSX10.15.sdk -L/Users/bektchiev/Downloads/libzip-1.5.2/cmake-build/CMakeFiles/CMakeTmp/Debug -F/Users/bektchiev/Downloads/libzip-1.5.2/cmake-build/CMakeFiles/CMakeTmp/Debug -filelist /Users/bektchiev/Downloads/libzip-1.5.2/cmake-build/CMakeFiles/CMakeTmp/CMAKE_TRY_COMPILE.build/Debug/cmTC_361f3.build/Objects-normal/x86_64/cmTC_361f3.LinkFileList -Xlinker -object_path_lto -Xlinker /Users/bektchiev/Downloads/libzip-1.5.2/cmake-build/CMakeFiles/CMakeTmp/CMAKE_TRY_COMPILE.build/Debug/cmTC_361f3.build/Objects-normal/x86_64/cmTC_361f3_lto.o -Xlinker -no_deduplicate -Wl,-search_paths_first -Wl,-headerpad_max_install_names -Xlinker -dependency_info -Xlinker /Users/bektchiev/Downloads/libzip-1.5.2/cmake-build/CMakeFiles/CMakeTmp/CMAKE_TRY_COMPILE.build/Debug/cmTC_361f3.build/Objects-normal/x86_64/cmTC_361f3_dependency_info.dat -o /Users/bektchiev/Downloads/libzip-1.5.2/cmake-build/CMakeFiles/CMakeTmp/Debug/cmTC_361f3
Undefined symbols for architecture x86_64:
  "__snprintf", referenced from:
      _main in CheckFunctionExists.o
ld: symbol(s) not found for architecture x86_64
clang: error: linker command failed with exit code 1 (use -v to see invocation)

** BUILD FAILED **


The following build commands failed:
	Ld Debug/cmTC_361f3 normal x86_64
(1 failure)


Determining if the function _strdup exists failed with the following output:
Change Dir: /Users/bektchiev/Downloads/libzip-1.5.2/cmake-build/CMakeFiles/CMakeTmp

Run Build Command(s):/usr/bin/xcodebuild -project CMAKE_TRY_COMPILE.xcodeproj build -target cmTC_d09f5 -configuration Debug -hideShellScriptEnvironment 
User defaults from command line:
    HideShellScriptEnvironment = YES

Prepare build
note: Using legacy build system

Build Preparation
Build task concurrency set to 8 via user default IDEBuildOperationMaxNumberOfConcurrentCompileTasks

=== BUILD TARGET cmTC_d09f5 OF PROJECT CMAKE_TRY_COMPILE WITH CONFIGURATION Debug ===

Check dependencies

Write auxiliary files
/bin/mkdir -p /Users/bektchiev/Downloads/libzip-1.5.2/cmake-build/CMakeFiles/CMakeTmp/CMAKE_TRY_COMPILE.build/Debug/cmTC_d09f5.build/Objects-normal/x86_64
write-file /Users/bektchiev/Downloads/libzip-1.5.2/cmake-build/CMakeFiles/CMakeTmp/CMAKE_TRY_COMPILE.build/Debug/cmTC_d09f5.build/Objects-normal/x86_64/cmTC_d09f5.LinkFileList

CompileC CMAKE_TRY_COMPILE.build/Debug/cmTC_d09f5.build/Objects-normal/x86_64/CheckFunctionExists.o /usr/local/Cellar/cmake/3.14.4/share/cmake/Modules/CheckFunctionExists.c normal x86_64 c com.apple.compilers.llvm.clang.1_0.compiler
    (running because there is no record of having run this command since the last clean)
    cd /Users/bektchiev/Downloads/libzip-1.5.2/cmake-build/CMakeFiles/CMakeTmp
    /Applications/Xcode-beta.app/Contents/Developer/Toolchains/XcodeDefault.xctoolchain/usr/bin/clang -x c -target x86_64-apple-macos10.15 -fmessage-length=0 -fdiagnostics-show-note-include-stack -fmacro-backtrace-limit=0 -Wno-trigraphs -fpascal-strings -O0 -Wno-missing-field-initializers -Wno-missing-prototypes -Wno-return-type -Wno-missing-braces -Wparentheses -Wswitch -Wno-unused-function -Wno-unused-label -Wno-unused-parameter -Wno-unused-variable -Wunused-value -Wno-empty-body -Wno-uninitialized -Wno-unknown-pragmas -Wno-shadow -Wno-four-char-constants -Wno-conversion -Wno-constant-conversion -Wno-int-conversion -Wno-bool-conversion -Wno-enum-conversion -Wno-float-conversion -Wno-non-literal-null-conversion -Wno-objc-literal-conversion -Wno-shorten-64-to-32 -Wpointer-sign -Wno-newline-eof -DCMAKE_INTDIR=\"Debug\" -isysroot /Applications/Xcode-beta.app/Contents/Developer/Platforms/MacOSX.platform/Developer/SDKs/MacOSX10.15.sdk -fasm-blocks -fstrict-aliasing -Wdeprecated-declarations -g -Wno-sign-conversion -Wno-infinite-recursion -Wno-comma -Wno-block-capture-autoreleasing -Wno-strict-prototypes -Wno-semicolon-before-method-body -I/Users/bektchiev/Downloads/libzip-1.5.2/cmake-build/CMakeFiles/CMakeTmp/Debug/include -I/Users/bektchiev/Downloads/libzip-1.5.2/cmake-build/CMakeFiles/CMakeTmp/CMAKE_TRY_COMPILE.build/Debug/cmTC_d09f5.build/DerivedSources-normal/x86_64 -I/Users/bektchiev/Downloads/libzip-1.5.2/cmake-build/CMakeFiles/CMakeTmp/CMAKE_TRY_COMPILE.build/Debug/cmTC_d09f5.build/DerivedSources/x86_64 -I/Users/bektchiev/Downloads/libzip-1.5.2/cmake-build/CMakeFiles/CMakeTmp/CMAKE_TRY_COMPILE.build/Debug/cmTC_d09f5.build/DerivedSources -Wmost -Wno-four-char-constants -Wno-unknown-pragmas -F/Users/bektchiev/Downloads/libzip-1.5.2/cmake-build/CMakeFiles/CMakeTmp/Debug -DCHECK_FUNCTION_EXISTS=_strdup -MMD -MT dependencies -MF /Users/bektchiev/Downloads/libzip-1.5.2/cmake-build/CMakeFiles/CMakeTmp/CMAKE_TRY_COMPILE.build/Debug/cmTC_d09f5.build/Objects-normal/x86_64/CheckFunctionExists.d --serialize-diagnostics /Users/bektchiev/Downloads/libzip-1.5.2/cmake-build/CMakeFiles/CMakeTmp/CMAKE_TRY_COMPILE.build/Debug/cmTC_d09f5.build/Objects-normal/x86_64/CheckFunctionExists.dia -c /usr/local/Cellar/cmake/3.14.4/share/cmake/Modules/CheckFunctionExists.c -o /Users/bektchiev/Downloads/libzip-1.5.2/cmake-build/CMakeFiles/CMakeTmp/CMAKE_TRY_COMPILE.build/Debug/cmTC_d09f5.build/Objects-normal/x86_64/CheckFunctionExists.o

Ld Debug/cmTC_d09f5 normal x86_64
    (running because there is no record of having run this command since the last clean)
    cd /Users/bektchiev/Downloads/libzip-1.5.2/cmake-build/CMakeFiles/CMakeTmp
    /Applications/Xcode-beta.app/Contents/Developer/Toolchains/XcodeDefault.xctoolchain/usr/bin/clang -target x86_64-apple-macos10.15 -isysroot /Applications/Xcode-beta.app/Contents/Developer/Platforms/MacOSX.platform/Developer/SDKs/MacOSX10.15.sdk -L/Users/bektchiev/Downloads/libzip-1.5.2/cmake-build/CMakeFiles/CMakeTmp/Debug -F/Users/bektchiev/Downloads/libzip-1.5.2/cmake-build/CMakeFiles/CMakeTmp/Debug -filelist /Users/bektchiev/Downloads/libzip-1.5.2/cmake-build/CMakeFiles/CMakeTmp/CMAKE_TRY_COMPILE.build/Debug/cmTC_d09f5.build/Objects-normal/x86_64/cmTC_d09f5.LinkFileList -Xlinker -object_path_lto -Xlinker /Users/bektchiev/Downloads/libzip-1.5.2/cmake-build/CMakeFiles/CMakeTmp/CMAKE_TRY_COMPILE.build/Debug/cmTC_d09f5.build/Objects-normal/x86_64/cmTC_d09f5_lto.o -Xlinker -no_deduplicate -Wl,-search_paths_first -Wl,-headerpad_max_install_names -Xlinker -dependency_info -Xlinker /Users/bektchiev/Downloads/libzip-1.5.2/cmake-build/CMakeFiles/CMakeTmp/CMAKE_TRY_COMPILE.build/Debug/cmTC_d09f5.build/Objects-normal/x86_64/cmTC_d09f5_dependency_info.dat -o /Users/bektchiev/Downloads/libzip-1.5.2/cmake-build/CMakeFiles/CMakeTmp/Debug/cmTC_d09f5
Undefined symbols for architecture x86_64:
  "__strdup", referenced from:
      _main in CheckFunctionExists.o
ld: symbol(s) not found for architecture x86_64
clang: error: linker command failed with exit code 1 (use -v to see invocation)

** BUILD FAILED **


The following build commands failed:
	Ld Debug/cmTC_d09f5 normal x86_64
(1 failure)


Determining if the function _stricmp exists failed with the following output:
Change Dir: /Users/bektchiev/Downloads/libzip-1.5.2/cmake-build/CMakeFiles/CMakeTmp

Run Build Command(s):/usr/bin/xcodebuild -project CMAKE_TRY_COMPILE.xcodeproj build -target cmTC_79f1f -configuration Debug -hideShellScriptEnvironment 
User defaults from command line:
    HideShellScriptEnvironment = YES

Prepare build
note: Using legacy build system

Build Preparation
Build task concurrency set to 8 via user default IDEBuildOperationMaxNumberOfConcurrentCompileTasks

=== BUILD TARGET cmTC_79f1f OF PROJECT CMAKE_TRY_COMPILE WITH CONFIGURATION Debug ===

Check dependencies

Write auxiliary files
/bin/mkdir -p /Users/bektchiev/Downloads/libzip-1.5.2/cmake-build/CMakeFiles/CMakeTmp/CMAKE_TRY_COMPILE.build/Debug/cmTC_79f1f.build/Objects-normal/x86_64
write-file /Users/bektchiev/Downloads/libzip-1.5.2/cmake-build/CMakeFiles/CMakeTmp/CMAKE_TRY_COMPILE.build/Debug/cmTC_79f1f.build/Objects-normal/x86_64/cmTC_79f1f.LinkFileList

CompileC CMAKE_TRY_COMPILE.build/Debug/cmTC_79f1f.build/Objects-normal/x86_64/CheckFunctionExists.o /usr/local/Cellar/cmake/3.14.4/share/cmake/Modules/CheckFunctionExists.c normal x86_64 c com.apple.compilers.llvm.clang.1_0.compiler
    (running because there is no record of having run this command since the last clean)
    cd /Users/bektchiev/Downloads/libzip-1.5.2/cmake-build/CMakeFiles/CMakeTmp
    /Applications/Xcode-beta.app/Contents/Developer/Toolchains/XcodeDefault.xctoolchain/usr/bin/clang -x c -target x86_64-apple-macos10.15 -fmessage-length=0 -fdiagnostics-show-note-include-stack -fmacro-backtrace-limit=0 -Wno-trigraphs -fpascal-strings -O0 -Wno-missing-field-initializers -Wno-missing-prototypes -Wno-return-type -Wno-missing-braces -Wparentheses -Wswitch -Wno-unused-function -Wno-unused-label -Wno-unused-parameter -Wno-unused-variable -Wunused-value -Wno-empty-body -Wno-uninitialized -Wno-unknown-pragmas -Wno-shadow -Wno-four-char-constants -Wno-conversion -Wno-constant-conversion -Wno-int-conversion -Wno-bool-conversion -Wno-enum-conversion -Wno-float-conversion -Wno-non-literal-null-conversion -Wno-objc-literal-conversion -Wno-shorten-64-to-32 -Wpointer-sign -Wno-newline-eof -DCMAKE_INTDIR=\"Debug\" -isysroot /Applications/Xcode-beta.app/Contents/Developer/Platforms/MacOSX.platform/Developer/SDKs/MacOSX10.15.sdk -fasm-blocks -fstrict-aliasing -Wdeprecated-declarations -g -Wno-sign-conversion -Wno-infinite-recursion -Wno-comma -Wno-block-capture-autoreleasing -Wno-strict-prototypes -Wno-semicolon-before-method-body -I/Users/bektchiev/Downloads/libzip-1.5.2/cmake-build/CMakeFiles/CMakeTmp/Debug/include -I/Users/bektchiev/Downloads/libzip-1.5.2/cmake-build/CMakeFiles/CMakeTmp/CMAKE_TRY_COMPILE.build/Debug/cmTC_79f1f.build/DerivedSources-normal/x86_64 -I/Users/bektchiev/Downloads/libzip-1.5.2/cmake-build/CMakeFiles/CMakeTmp/CMAKE_TRY_COMPILE.build/Debug/cmTC_79f1f.build/DerivedSources/x86_64 -I/Users/bektchiev/Downloads/libzip-1.5.2/cmake-build/CMakeFiles/CMakeTmp/CMAKE_TRY_COMPILE.build/Debug/cmTC_79f1f.build/DerivedSources -Wmost -Wno-four-char-constants -Wno-unknown-pragmas -F/Users/bektchiev/Downloads/libzip-1.5.2/cmake-build/CMakeFiles/CMakeTmp/Debug -DCHECK_FUNCTION_EXISTS=_stricmp -MMD -MT dependencies -MF /Users/bektchiev/Downloads/libzip-1.5.2/cmake-build/CMakeFiles/CMakeTmp/CMAKE_TRY_COMPILE.build/Debug/cmTC_79f1f.build/Objects-normal/x86_64/CheckFunctionExists.d --serialize-diagnostics /Users/bektchiev/Downloads/libzip-1.5.2/cmake-build/CMakeFiles/CMakeTmp/CMAKE_TRY_COMPILE.build/Debug/cmTC_79f1f.build/Objects-normal/x86_64/CheckFunctionExists.dia -c /usr/local/Cellar/cmake/3.14.4/share/cmake/Modules/CheckFunctionExists.c -o /Users/bektchiev/Downloads/libzip-1.5.2/cmake-build/CMakeFiles/CMakeTmp/CMAKE_TRY_COMPILE.build/Debug/cmTC_79f1f.build/Objects-normal/x86_64/CheckFunctionExists.o

Ld Debug/cmTC_79f1f normal x86_64
    (running because there is no record of having run this command since the last clean)
    cd /Users/bektchiev/Downloads/libzip-1.5.2/cmake-build/CMakeFiles/CMakeTmp
    /Applications/Xcode-beta.app/Contents/Developer/Toolchains/XcodeDefault.xctoolchain/usr/bin/clang -target x86_64-apple-macos10.15 -isysroot /Applications/Xcode-beta.app/Contents/Developer/Platforms/MacOSX.platform/Developer/SDKs/MacOSX10.15.sdk -L/Users/bektchiev/Downloads/libzip-1.5.2/cmake-build/CMakeFiles/CMakeTmp/Debug -F/Users/bektchiev/Downloads/libzip-1.5.2/cmake-build/CMakeFiles/CMakeTmp/Debug -filelist /Users/bektchiev/Downloads/libzip-1.5.2/cmake-build/CMakeFiles/CMakeTmp/CMAKE_TRY_COMPILE.build/Debug/cmTC_79f1f.build/Objects-normal/x86_64/cmTC_79f1f.LinkFileList -Xlinker -object_path_lto -Xlinker /Users/bektchiev/Downloads/libzip-1.5.2/cmake-build/CMakeFiles/CMakeTmp/CMAKE_TRY_COMPILE.build/Debug/cmTC_79f1f.build/Objects-normal/x86_64/cmTC_79f1f_lto.o -Xlinker -no_deduplicate -Wl,-search_paths_first -Wl,-headerpad_max_install_names -Xlinker -dependency_info -Xlinker /Users/bektchiev/Downloads/libzip-1.5.2/cmake-build/CMakeFiles/CMakeTmp/CMAKE_TRY_COMPILE.build/Debug/cmTC_79f1f.build/Objects-normal/x86_64/cmTC_79f1f_dependency_info.dat -o /Users/bektchiev/Downloads/libzip-1.5.2/cmake-build/CMakeFiles/CMakeTmp/Debug/cmTC_79f1f
Undefined symbols for architecture x86_64:
  "__stricmp", referenced from:
      _main in CheckFunctionExists.o
ld: symbol(s) not found for architecture x86_64
clang: error: linker command failed with exit code 1 (use -v to see invocation)

** BUILD FAILED **


The following build commands failed:
	Ld Debug/cmTC_79f1f normal x86_64
(1 failure)


Determining if the function _strtoi64 exists failed with the following output:
Change Dir: /Users/bektchiev/Downloads/libzip-1.5.2/cmake-build/CMakeFiles/CMakeTmp

Run Build Command(s):/usr/bin/xcodebuild -project CMAKE_TRY_COMPILE.xcodeproj build -target cmTC_e9023 -configuration Debug -hideShellScriptEnvironment 
User defaults from command line:
    HideShellScriptEnvironment = YES

Prepare build
note: Using legacy build system

Build Preparation
Build task concurrency set to 8 via user default IDEBuildOperationMaxNumberOfConcurrentCompileTasks

=== BUILD TARGET cmTC_e9023 OF PROJECT CMAKE_TRY_COMPILE WITH CONFIGURATION Debug ===

Check dependencies

Write auxiliary files
/bin/mkdir -p /Users/bektchiev/Downloads/libzip-1.5.2/cmake-build/CMakeFiles/CMakeTmp/CMAKE_TRY_COMPILE.build/Debug/cmTC_e9023.build/Objects-normal/x86_64
write-file /Users/bektchiev/Downloads/libzip-1.5.2/cmake-build/CMakeFiles/CMakeTmp/CMAKE_TRY_COMPILE.build/Debug/cmTC_e9023.build/Objects-normal/x86_64/cmTC_e9023.LinkFileList

CompileC CMAKE_TRY_COMPILE.build/Debug/cmTC_e9023.build/Objects-normal/x86_64/CheckFunctionExists.o /usr/local/Cellar/cmake/3.14.4/share/cmake/Modules/CheckFunctionExists.c normal x86_64 c com.apple.compilers.llvm.clang.1_0.compiler
    (running because there is no record of having run this command since the last clean)
    cd /Users/bektchiev/Downloads/libzip-1.5.2/cmake-build/CMakeFiles/CMakeTmp
    /Applications/Xcode-beta.app/Contents/Developer/Toolchains/XcodeDefault.xctoolchain/usr/bin/clang -x c -target x86_64-apple-macos10.15 -fmessage-length=0 -fdiagnostics-show-note-include-stack -fmacro-backtrace-limit=0 -Wno-trigraphs -fpascal-strings -O0 -Wno-missing-field-initializers -Wno-missing-prototypes -Wno-return-type -Wno-missing-braces -Wparentheses -Wswitch -Wno-unused-function -Wno-unused-label -Wno-unused-parameter -Wno-unused-variable -Wunused-value -Wno-empty-body -Wno-uninitialized -Wno-unknown-pragmas -Wno-shadow -Wno-four-char-constants -Wno-conversion -Wno-constant-conversion -Wno-int-conversion -Wno-bool-conversion -Wno-enum-conversion -Wno-float-conversion -Wno-non-literal-null-conversion -Wno-objc-literal-conversion -Wno-shorten-64-to-32 -Wpointer-sign -Wno-newline-eof -DCMAKE_INTDIR=\"Debug\" -isysroot /Applications/Xcode-beta.app/Contents/Developer/Platforms/MacOSX.platform/Developer/SDKs/MacOSX10.15.sdk -fasm-blocks -fstrict-aliasing -Wdeprecated-declarations -g -Wno-sign-conversion -Wno-infinite-recursion -Wno-comma -Wno-block-capture-autoreleasing -Wno-strict-prototypes -Wno-semicolon-before-method-body -I/Users/bektchiev/Downloads/libzip-1.5.2/cmake-build/CMakeFiles/CMakeTmp/Debug/include -I/Users/bektchiev/Downloads/libzip-1.5.2/cmake-build/CMakeFiles/CMakeTmp/CMAKE_TRY_COMPILE.build/Debug/cmTC_e9023.build/DerivedSources-normal/x86_64 -I/Users/bektchiev/Downloads/libzip-1.5.2/cmake-build/CMakeFiles/CMakeTmp/CMAKE_TRY_COMPILE.build/Debug/cmTC_e9023.build/DerivedSources/x86_64 -I/Users/bektchiev/Downloads/libzip-1.5.2/cmake-build/CMakeFiles/CMakeTmp/CMAKE_TRY_COMPILE.build/Debug/cmTC_e9023.build/DerivedSources -Wmost -Wno-four-char-constants -Wno-unknown-pragmas -F/Users/bektchiev/Downloads/libzip-1.5.2/cmake-build/CMakeFiles/CMakeTmp/Debug -DCHECK_FUNCTION_EXISTS=_strtoi64 -MMD -MT dependencies -MF /Users/bektchiev/Downloads/libzip-1.5.2/cmake-build/CMakeFiles/CMakeTmp/CMAKE_TRY_COMPILE.build/Debug/cmTC_e9023.build/Objects-normal/x86_64/CheckFunctionExists.d --serialize-diagnostics /Users/bektchiev/Downloads/libzip-1.5.2/cmake-build/CMakeFiles/CMakeTmp/CMAKE_TRY_COMPILE.build/Debug/cmTC_e9023.build/Objects-normal/x86_64/CheckFunctionExists.dia -c /usr/local/Cellar/cmake/3.14.4/share/cmake/Modules/CheckFunctionExists.c -o /Users/bektchiev/Downloads/libzip-1.5.2/cmake-build/CMakeFiles/CMakeTmp/CMAKE_TRY_COMPILE.build/Debug/cmTC_e9023.build/Objects-normal/x86_64/CheckFunctionExists.o

Ld Debug/cmTC_e9023 normal x86_64
    (running because there is no record of having run this command since the last clean)
    cd /Users/bektchiev/Downloads/libzip-1.5.2/cmake-build/CMakeFiles/CMakeTmp
    /Applications/Xcode-beta.app/Contents/Developer/Toolchains/XcodeDefault.xctoolchain/usr/bin/clang -target x86_64-apple-macos10.15 -isysroot /Applications/Xcode-beta.app/Contents/Developer/Platforms/MacOSX.platform/Developer/SDKs/MacOSX10.15.sdk -L/Users/bektchiev/Downloads/libzip-1.5.2/cmake-build/CMakeFiles/CMakeTmp/Debug -F/Users/bektchiev/Downloads/libzip-1.5.2/cmake-build/CMakeFiles/CMakeTmp/Debug -filelist /Users/bektchiev/Downloads/libzip-1.5.2/cmake-build/CMakeFiles/CMakeTmp/CMAKE_TRY_COMPILE.build/Debug/cmTC_e9023.build/Objects-normal/x86_64/cmTC_e9023.LinkFileList -Xlinker -object_path_lto -Xlinker /Users/bektchiev/Downloads/libzip-1.5.2/cmake-build/CMakeFiles/CMakeTmp/CMAKE_TRY_COMPILE.build/Debug/cmTC_e9023.build/Objects-normal/x86_64/cmTC_e9023_lto.o -Xlinker -no_deduplicate -Wl,-search_paths_first -Wl,-headerpad_max_install_names -Xlinker -dependency_info -Xlinker /Users/bektchiev/Downloads/libzip-1.5.2/cmake-build/CMakeFiles/CMakeTmp/CMAKE_TRY_COMPILE.build/Debug/cmTC_e9023.build/Objects-normal/x86_64/cmTC_e9023_dependency_info.dat -o /Users/bektchiev/Downloads/libzip-1.5.2/cmake-build/CMakeFiles/CMakeTmp/Debug/cmTC_e9023
Undefined symbols for architecture x86_64:
  "__strtoi64", referenced from:
      _main in CheckFunctionExists.o
ld: symbol(s) not found for architecture x86_64
clang: error: linker command failed with exit code 1 (use -v to see invocation)

** BUILD FAILED **


The following build commands failed:
	Ld Debug/cmTC_e9023 normal x86_64
(1 failure)


Determining if the function _strtoui64 exists failed with the following output:
Change Dir: /Users/bektchiev/Downloads/libzip-1.5.2/cmake-build/CMakeFiles/CMakeTmp

Run Build Command(s):/usr/bin/xcodebuild -project CMAKE_TRY_COMPILE.xcodeproj build -target cmTC_ef4e5 -configuration Debug -hideShellScriptEnvironment 
User defaults from command line:
    HideShellScriptEnvironment = YES

Prepare build
note: Using legacy build system

Build Preparation
Build task concurrency set to 8 via user default IDEBuildOperationMaxNumberOfConcurrentCompileTasks

=== BUILD TARGET cmTC_ef4e5 OF PROJECT CMAKE_TRY_COMPILE WITH CONFIGURATION Debug ===

Check dependencies

Write auxiliary files
/bin/mkdir -p /Users/bektchiev/Downloads/libzip-1.5.2/cmake-build/CMakeFiles/CMakeTmp/CMAKE_TRY_COMPILE.build/Debug/cmTC_ef4e5.build/Objects-normal/x86_64
write-file /Users/bektchiev/Downloads/libzip-1.5.2/cmake-build/CMakeFiles/CMakeTmp/CMAKE_TRY_COMPILE.build/Debug/cmTC_ef4e5.build/Objects-normal/x86_64/cmTC_ef4e5.LinkFileList

CompileC CMAKE_TRY_COMPILE.build/Debug/cmTC_ef4e5.build/Objects-normal/x86_64/CheckFunctionExists.o /usr/local/Cellar/cmake/3.14.4/share/cmake/Modules/CheckFunctionExists.c normal x86_64 c com.apple.compilers.llvm.clang.1_0.compiler
    (running because there is no record of having run this command since the last clean)
    cd /Users/bektchiev/Downloads/libzip-1.5.2/cmake-build/CMakeFiles/CMakeTmp
    /Applications/Xcode-beta.app/Contents/Developer/Toolchains/XcodeDefault.xctoolchain/usr/bin/clang -x c -target x86_64-apple-macos10.15 -fmessage-length=0 -fdiagnostics-show-note-include-stack -fmacro-backtrace-limit=0 -Wno-trigraphs -fpascal-strings -O0 -Wno-missing-field-initializers -Wno-missing-prototypes -Wno-return-type -Wno-missing-braces -Wparentheses -Wswitch -Wno-unused-function -Wno-unused-label -Wno-unused-parameter -Wno-unused-variable -Wunused-value -Wno-empty-body -Wno-uninitialized -Wno-unknown-pragmas -Wno-shadow -Wno-four-char-constants -Wno-conversion -Wno-constant-conversion -Wno-int-conversion -Wno-bool-conversion -Wno-enum-conversion -Wno-float-conversion -Wno-non-literal-null-conversion -Wno-objc-literal-conversion -Wno-shorten-64-to-32 -Wpointer-sign -Wno-newline-eof -DCMAKE_INTDIR=\"Debug\" -isysroot /Applications/Xcode-beta.app/Contents/Developer/Platforms/MacOSX.platform/Developer/SDKs/MacOSX10.15.sdk -fasm-blocks -fstrict-aliasing -Wdeprecated-declarations -g -Wno-sign-conversion -Wno-infinite-recursion -Wno-comma -Wno-block-capture-autoreleasing -Wno-strict-prototypes -Wno-semicolon-before-method-body -I/Users/bektchiev/Downloads/libzip-1.5.2/cmake-build/CMakeFiles/CMakeTmp/Debug/include -I/Users/bektchiev/Downloads/libzip-1.5.2/cmake-build/CMakeFiles/CMakeTmp/CMAKE_TRY_COMPILE.build/Debug/cmTC_ef4e5.build/DerivedSources-normal/x86_64 -I/Users/bektchiev/Downloads/libzip-1.5.2/cmake-build/CMakeFiles/CMakeTmp/CMAKE_TRY_COMPILE.build/Debug/cmTC_ef4e5.build/DerivedSources/x86_64 -I/Users/bektchiev/Downloads/libzip-1.5.2/cmake-build/CMakeFiles/CMakeTmp/CMAKE_TRY_COMPILE.build/Debug/cmTC_ef4e5.build/DerivedSources -Wmost -Wno-four-char-constants -Wno-unknown-pragmas -F/Users/bektchiev/Downloads/libzip-1.5.2/cmake-build/CMakeFiles/CMakeTmp/Debug -DCHECK_FUNCTION_EXISTS=_strtoui64 -MMD -MT dependencies -MF /Users/bektchiev/Downloads/libzip-1.5.2/cmake-build/CMakeFiles/CMakeTmp/CMAKE_TRY_COMPILE.build/Debug/cmTC_ef4e5.build/Objects-normal/x86_64/CheckFunctionExists.d --serialize-diagnostics /Users/bektchiev/Downloads/libzip-1.5.2/cmake-build/CMakeFiles/CMakeTmp/CMAKE_TRY_COMPILE.build/Debug/cmTC_ef4e5.build/Objects-normal/x86_64/CheckFunctionExists.dia -c /usr/local/Cellar/cmake/3.14.4/share/cmake/Modules/CheckFunctionExists.c -o /Users/bektchiev/Downloads/libzip-1.5.2/cmake-build/CMakeFiles/CMakeTmp/CMAKE_TRY_COMPILE.build/Debug/cmTC_ef4e5.build/Objects-normal/x86_64/CheckFunctionExists.o

Ld Debug/cmTC_ef4e5 normal x86_64
    (running because there is no record of having run this command since the last clean)
    cd /Users/bektchiev/Downloads/libzip-1.5.2/cmake-build/CMakeFiles/CMakeTmp
    /Applications/Xcode-beta.app/Contents/Developer/Toolchains/XcodeDefault.xctoolchain/usr/bin/clang -target x86_64-apple-macos10.15 -isysroot /Applications/Xcode-beta.app/Contents/Developer/Platforms/MacOSX.platform/Developer/SDKs/MacOSX10.15.sdk -L/Users/bektchiev/Downloads/libzip-1.5.2/cmake-build/CMakeFiles/CMakeTmp/Debug -F/Users/bektchiev/Downloads/libzip-1.5.2/cmake-build/CMakeFiles/CMakeTmp/Debug -filelist /Users/bektchiev/Downloads/libzip-1.5.2/cmake-build/CMakeFiles/CMakeTmp/CMAKE_TRY_COMPILE.build/Debug/cmTC_ef4e5.build/Objects-normal/x86_64/cmTC_ef4e5.LinkFileList -Xlinker -object_path_lto -Xlinker /Users/bektchiev/Downloads/libzip-1.5.2/cmake-build/CMakeFiles/CMakeTmp/CMAKE_TRY_COMPILE.build/Debug/cmTC_ef4e5.build/Objects-normal/x86_64/cmTC_ef4e5_lto.o -Xlinker -no_deduplicate -Wl,-search_paths_first -Wl,-headerpad_max_install_names -Xlinker -dependency_info -Xlinker /Users/bektchiev/Downloads/libzip-1.5.2/cmake-build/CMakeFiles/CMakeTmp/CMAKE_TRY_COMPILE.build/Debug/cmTC_ef4e5.build/Objects-normal/x86_64/cmTC_ef4e5_dependency_info.dat -o /Users/bektchiev/Downloads/libzip-1.5.2/cmake-build/CMakeFiles/CMakeTmp/Debug/cmTC_ef4e5
Undefined symbols for architecture x86_64:
  "__strtoui64", referenced from:
      _main in CheckFunctionExists.o
ld: symbol(s) not found for architecture x86_64
clang: error: linker command failed with exit code 1 (use -v to see invocation)

** BUILD FAILED **


The following build commands failed:
	Ld Debug/cmTC_ef4e5 normal x86_64
(1 failure)


Determining if the function _umask exists failed with the following output:
Change Dir: /Users/bektchiev/Downloads/libzip-1.5.2/cmake-build/CMakeFiles/CMakeTmp

Run Build Command(s):/usr/bin/xcodebuild -project CMAKE_TRY_COMPILE.xcodeproj build -target cmTC_42f38 -configuration Debug -hideShellScriptEnvironment 
User defaults from command line:
    HideShellScriptEnvironment = YES

Prepare build
note: Using legacy build system

Build Preparation
Build task concurrency set to 8 via user default IDEBuildOperationMaxNumberOfConcurrentCompileTasks

=== BUILD TARGET cmTC_42f38 OF PROJECT CMAKE_TRY_COMPILE WITH CONFIGURATION Debug ===

Check dependencies

Write auxiliary files
/bin/mkdir -p /Users/bektchiev/Downloads/libzip-1.5.2/cmake-build/CMakeFiles/CMakeTmp/CMAKE_TRY_COMPILE.build/Debug/cmTC_42f38.build/Objects-normal/x86_64
write-file /Users/bektchiev/Downloads/libzip-1.5.2/cmake-build/CMakeFiles/CMakeTmp/CMAKE_TRY_COMPILE.build/Debug/cmTC_42f38.build/Objects-normal/x86_64/cmTC_42f38.LinkFileList

CompileC CMAKE_TRY_COMPILE.build/Debug/cmTC_42f38.build/Objects-normal/x86_64/CheckFunctionExists.o /usr/local/Cellar/cmake/3.14.4/share/cmake/Modules/CheckFunctionExists.c normal x86_64 c com.apple.compilers.llvm.clang.1_0.compiler
    (running because there is no record of having run this command since the last clean)
    cd /Users/bektchiev/Downloads/libzip-1.5.2/cmake-build/CMakeFiles/CMakeTmp
    /Applications/Xcode-beta.app/Contents/Developer/Toolchains/XcodeDefault.xctoolchain/usr/bin/clang -x c -target x86_64-apple-macos10.15 -fmessage-length=0 -fdiagnostics-show-note-include-stack -fmacro-backtrace-limit=0 -Wno-trigraphs -fpascal-strings -O0 -Wno-missing-field-initializers -Wno-missing-prototypes -Wno-return-type -Wno-missing-braces -Wparentheses -Wswitch -Wno-unused-function -Wno-unused-label -Wno-unused-parameter -Wno-unused-variable -Wunused-value -Wno-empty-body -Wno-uninitialized -Wno-unknown-pragmas -Wno-shadow -Wno-four-char-constants -Wno-conversion -Wno-constant-conversion -Wno-int-conversion -Wno-bool-conversion -Wno-enum-conversion -Wno-float-conversion -Wno-non-literal-null-conversion -Wno-objc-literal-conversion -Wno-shorten-64-to-32 -Wpointer-sign -Wno-newline-eof -DCMAKE_INTDIR=\"Debug\" -isysroot /Applications/Xcode-beta.app/Contents/Developer/Platforms/MacOSX.platform/Developer/SDKs/MacOSX10.15.sdk -fasm-blocks -fstrict-aliasing -Wdeprecated-declarations -g -Wno-sign-conversion -Wno-infinite-recursion -Wno-comma -Wno-block-capture-autoreleasing -Wno-strict-prototypes -Wno-semicolon-before-method-body -I/Users/bektchiev/Downloads/libzip-1.5.2/cmake-build/CMakeFiles/CMakeTmp/Debug/include -I/Users/bektchiev/Downloads/libzip-1.5.2/cmake-build/CMakeFiles/CMakeTmp/CMAKE_TRY_COMPILE.build/Debug/cmTC_42f38.build/DerivedSources-normal/x86_64 -I/Users/bektchiev/Downloads/libzip-1.5.2/cmake-build/CMakeFiles/CMakeTmp/CMAKE_TRY_COMPILE.build/Debug/cmTC_42f38.build/DerivedSources/x86_64 -I/Users/bektchiev/Downloads/libzip-1.5.2/cmake-build/CMakeFiles/CMakeTmp/CMAKE_TRY_COMPILE.build/Debug/cmTC_42f38.build/DerivedSources -Wmost -Wno-four-char-constants -Wno-unknown-pragmas -F/Users/bektchiev/Downloads/libzip-1.5.2/cmake-build/CMakeFiles/CMakeTmp/Debug -DCHECK_FUNCTION_EXISTS=_umask -MMD -MT dependencies -MF /Users/bektchiev/Downloads/libzip-1.5.2/cmake-build/CMakeFiles/CMakeTmp/CMAKE_TRY_COMPILE.build/Debug/cmTC_42f38.build/Objects-normal/x86_64/CheckFunctionExists.d --serialize-diagnostics /Users/bektchiev/Downloads/libzip-1.5.2/cmake-build/CMakeFiles/CMakeTmp/CMAKE_TRY_COMPILE.build/Debug/cmTC_42f38.build/Objects-normal/x86_64/CheckFunctionExists.dia -c /usr/local/Cellar/cmake/3.14.4/share/cmake/Modules/CheckFunctionExists.c -o /Users/bektchiev/Downloads/libzip-1.5.2/cmake-build/CMakeFiles/CMakeTmp/CMAKE_TRY_COMPILE.build/Debug/cmTC_42f38.build/Objects-normal/x86_64/CheckFunctionExists.o

Ld Debug/cmTC_42f38 normal x86_64
    (running because there is no record of having run this command since the last clean)
    cd /Users/bektchiev/Downloads/libzip-1.5.2/cmake-build/CMakeFiles/CMakeTmp
    /Applications/Xcode-beta.app/Contents/Developer/Toolchains/XcodeDefault.xctoolchain/usr/bin/clang -target x86_64-apple-macos10.15 -isysroot /Applications/Xcode-beta.app/Contents/Developer/Platforms/MacOSX.platform/Developer/SDKs/MacOSX10.15.sdk -L/Users/bektchiev/Downloads/libzip-1.5.2/cmake-build/CMakeFiles/CMakeTmp/Debug -F/Users/bektchiev/Downloads/libzip-1.5.2/cmake-build/CMakeFiles/CMakeTmp/Debug -filelist /Users/bektchiev/Downloads/libzip-1.5.2/cmake-build/CMakeFiles/CMakeTmp/CMAKE_TRY_COMPILE.build/Debug/cmTC_42f38.build/Objects-normal/x86_64/cmTC_42f38.LinkFileList -Xlinker -object_path_lto -Xlinker /Users/bektchiev/Downloads/libzip-1.5.2/cmake-build/CMakeFiles/CMakeTmp/CMAKE_TRY_COMPILE.build/Debug/cmTC_42f38.build/Objects-normal/x86_64/cmTC_42f38_lto.o -Xlinker -no_deduplicate -Wl,-search_paths_first -Wl,-headerpad_max_install_names -Xlinker -dependency_info -Xlinker /Users/bektchiev/Downloads/libzip-1.5.2/cmake-build/CMakeFiles/CMakeTmp/CMAKE_TRY_COMPILE.build/Debug/cmTC_42f38.build/Objects-normal/x86_64/cmTC_42f38_dependency_info.dat -o /Users/bektchiev/Downloads/libzip-1.5.2/cmake-build/CMakeFiles/CMakeTmp/Debug/cmTC_42f38
Undefined symbols for architecture x86_64:
  "__umask", referenced from:
      _main in CheckFunctionExists.o
ld: symbol(s) not found for architecture x86_64
clang: error: linker command failed with exit code 1 (use -v to see invocation)

** BUILD FAILED **


The following build commands failed:
	Ld Debug/cmTC_42f38 normal x86_64
(1 failure)


Determining if the function _unlink exists failed with the following output:
Change Dir: /Users/bektchiev/Downloads/libzip-1.5.2/cmake-build/CMakeFiles/CMakeTmp

Run Build Command(s):/usr/bin/xcodebuild -project CMAKE_TRY_COMPILE.xcodeproj build -target cmTC_4bf61 -configuration Debug -hideShellScriptEnvironment 
User defaults from command line:
    HideShellScriptEnvironment = YES

Prepare build
note: Using legacy build system

Build Preparation
Build task concurrency set to 8 via user default IDEBuildOperationMaxNumberOfConcurrentCompileTasks

=== BUILD TARGET cmTC_4bf61 OF PROJECT CMAKE_TRY_COMPILE WITH CONFIGURATION Debug ===

Check dependencies

Write auxiliary files
/bin/mkdir -p /Users/bektchiev/Downloads/libzip-1.5.2/cmake-build/CMakeFiles/CMakeTmp/CMAKE_TRY_COMPILE.build/Debug/cmTC_4bf61.build/Objects-normal/x86_64
write-file /Users/bektchiev/Downloads/libzip-1.5.2/cmake-build/CMakeFiles/CMakeTmp/CMAKE_TRY_COMPILE.build/Debug/cmTC_4bf61.build/Objects-normal/x86_64/cmTC_4bf61.LinkFileList

CompileC CMAKE_TRY_COMPILE.build/Debug/cmTC_4bf61.build/Objects-normal/x86_64/CheckFunctionExists.o /usr/local/Cellar/cmake/3.14.4/share/cmake/Modules/CheckFunctionExists.c normal x86_64 c com.apple.compilers.llvm.clang.1_0.compiler
    (running because there is no record of having run this command since the last clean)
    cd /Users/bektchiev/Downloads/libzip-1.5.2/cmake-build/CMakeFiles/CMakeTmp
    /Applications/Xcode-beta.app/Contents/Developer/Toolchains/XcodeDefault.xctoolchain/usr/bin/clang -x c -target x86_64-apple-macos10.15 -fmessage-length=0 -fdiagnostics-show-note-include-stack -fmacro-backtrace-limit=0 -Wno-trigraphs -fpascal-strings -O0 -Wno-missing-field-initializers -Wno-missing-prototypes -Wno-return-type -Wno-missing-braces -Wparentheses -Wswitch -Wno-unused-function -Wno-unused-label -Wno-unused-parameter -Wno-unused-variable -Wunused-value -Wno-empty-body -Wno-uninitialized -Wno-unknown-pragmas -Wno-shadow -Wno-four-char-constants -Wno-conversion -Wno-constant-conversion -Wno-int-conversion -Wno-bool-conversion -Wno-enum-conversion -Wno-float-conversion -Wno-non-literal-null-conversion -Wno-objc-literal-conversion -Wno-shorten-64-to-32 -Wpointer-sign -Wno-newline-eof -DCMAKE_INTDIR=\"Debug\" -isysroot /Applications/Xcode-beta.app/Contents/Developer/Platforms/MacOSX.platform/Developer/SDKs/MacOSX10.15.sdk -fasm-blocks -fstrict-aliasing -Wdeprecated-declarations -g -Wno-sign-conversion -Wno-infinite-recursion -Wno-comma -Wno-block-capture-autoreleasing -Wno-strict-prototypes -Wno-semicolon-before-method-body -I/Users/bektchiev/Downloads/libzip-1.5.2/cmake-build/CMakeFiles/CMakeTmp/Debug/include -I/Users/bektchiev/Downloads/libzip-1.5.2/cmake-build/CMakeFiles/CMakeTmp/CMAKE_TRY_COMPILE.build/Debug/cmTC_4bf61.build/DerivedSources-normal/x86_64 -I/Users/bektchiev/Downloads/libzip-1.5.2/cmake-build/CMakeFiles/CMakeTmp/CMAKE_TRY_COMPILE.build/Debug/cmTC_4bf61.build/DerivedSources/x86_64 -I/Users/bektchiev/Downloads/libzip-1.5.2/cmake-build/CMakeFiles/CMakeTmp/CMAKE_TRY_COMPILE.build/Debug/cmTC_4bf61.build/DerivedSources -Wmost -Wno-four-char-constants -Wno-unknown-pragmas -F/Users/bektchiev/Downloads/libzip-1.5.2/cmake-build/CMakeFiles/CMakeTmp/Debug -DCHECK_FUNCTION_EXISTS=_unlink -MMD -MT dependencies -MF /Users/bektchiev/Downloads/libzip-1.5.2/cmake-build/CMakeFiles/CMakeTmp/CMAKE_TRY_COMPILE.build/Debug/cmTC_4bf61.build/Objects-normal/x86_64/CheckFunctionExists.d --serialize-diagnostics /Users/bektchiev/Downloads/libzip-1.5.2/cmake-build/CMakeFiles/CMakeTmp/CMAKE_TRY_COMPILE.build/Debug/cmTC_4bf61.build/Objects-normal/x86_64/CheckFunctionExists.dia -c /usr/local/Cellar/cmake/3.14.4/share/cmake/Modules/CheckFunctionExists.c -o /Users/bektchiev/Downloads/libzip-1.5.2/cmake-build/CMakeFiles/CMakeTmp/CMAKE_TRY_COMPILE.build/Debug/cmTC_4bf61.build/Objects-normal/x86_64/CheckFunctionExists.o

Ld Debug/cmTC_4bf61 normal x86_64
    (running because there is no record of having run this command since the last clean)
    cd /Users/bektchiev/Downloads/libzip-1.5.2/cmake-build/CMakeFiles/CMakeTmp
    /Applications/Xcode-beta.app/Contents/Developer/Toolchains/XcodeDefault.xctoolchain/usr/bin/clang -target x86_64-apple-macos10.15 -isysroot /Applications/Xcode-beta.app/Contents/Developer/Platforms/MacOSX.platform/Developer/SDKs/MacOSX10.15.sdk -L/Users/bektchiev/Downloads/libzip-1.5.2/cmake-build/CMakeFiles/CMakeTmp/Debug -F/Users/bektchiev/Downloads/libzip-1.5.2/cmake-build/CMakeFiles/CMakeTmp/Debug -filelist /Users/bektchiev/Downloads/libzip-1.5.2/cmake-build/CMakeFiles/CMakeTmp/CMAKE_TRY_COMPILE.build/Debug/cmTC_4bf61.build/Objects-normal/x86_64/cmTC_4bf61.LinkFileList -Xlinker -object_path_lto -Xlinker /Users/bektchiev/Downloads/libzip-1.5.2/cmake-build/CMakeFiles/CMakeTmp/CMAKE_TRY_COMPILE.build/Debug/cmTC_4bf61.build/Objects-normal/x86_64/cmTC_4bf61_lto.o -Xlinker -no_deduplicate -Wl,-search_paths_first -Wl,-headerpad_max_install_names -Xlinker -dependency_info -Xlinker /Users/bektchiev/Downloads/libzip-1.5.2/cmake-build/CMakeFiles/CMakeTmp/CMAKE_TRY_COMPILE.build/Debug/cmTC_4bf61.build/Objects-normal/x86_64/cmTC_4bf61_dependency_info.dat -o /Users/bektchiev/Downloads/libzip-1.5.2/cmake-build/CMakeFiles/CMakeTmp/Debug/cmTC_4bf61
Undefined symbols for architecture x86_64:
  "__unlink", referenced from:
      _main in CheckFunctionExists.o
ld: symbol(s) not found for architecture x86_64
clang: error: linker command failed with exit code 1 (use -v to see invocation)

** BUILD FAILED **


The following build commands failed:
	Ld Debug/cmTC_4bf61 normal x86_64
(1 failure)


Determining if the function explicit_bzero exists failed with the following output:
Change Dir: /Users/bektchiev/Downloads/libzip-1.5.2/cmake-build/CMakeFiles/CMakeTmp

Run Build Command(s):/usr/bin/xcodebuild -project CMAKE_TRY_COMPILE.xcodeproj build -target cmTC_c98c9 -configuration Debug -hideShellScriptEnvironment 
User defaults from command line:
    HideShellScriptEnvironment = YES

Prepare build
note: Using legacy build system

Build Preparation
Build task concurrency set to 8 via user default IDEBuildOperationMaxNumberOfConcurrentCompileTasks

=== BUILD TARGET cmTC_c98c9 OF PROJECT CMAKE_TRY_COMPILE WITH CONFIGURATION Debug ===

Check dependencies

Write auxiliary files
/bin/mkdir -p /Users/bektchiev/Downloads/libzip-1.5.2/cmake-build/CMakeFiles/CMakeTmp/CMAKE_TRY_COMPILE.build/Debug/cmTC_c98c9.build/Objects-normal/x86_64
write-file /Users/bektchiev/Downloads/libzip-1.5.2/cmake-build/CMakeFiles/CMakeTmp/CMAKE_TRY_COMPILE.build/Debug/cmTC_c98c9.build/Objects-normal/x86_64/cmTC_c98c9.LinkFileList

CompileC CMAKE_TRY_COMPILE.build/Debug/cmTC_c98c9.build/Objects-normal/x86_64/CheckFunctionExists.o /usr/local/Cellar/cmake/3.14.4/share/cmake/Modules/CheckFunctionExists.c normal x86_64 c com.apple.compilers.llvm.clang.1_0.compiler
    (running because there is no record of having run this command since the last clean)
    cd /Users/bektchiev/Downloads/libzip-1.5.2/cmake-build/CMakeFiles/CMakeTmp
    /Applications/Xcode-beta.app/Contents/Developer/Toolchains/XcodeDefault.xctoolchain/usr/bin/clang -x c -target x86_64-apple-macos10.15 -fmessage-length=0 -fdiagnostics-show-note-include-stack -fmacro-backtrace-limit=0 -Wno-trigraphs -fpascal-strings -O0 -Wno-missing-field-initializers -Wno-missing-prototypes -Wno-return-type -Wno-missing-braces -Wparentheses -Wswitch -Wno-unused-function -Wno-unused-label -Wno-unused-parameter -Wno-unused-variable -Wunused-value -Wno-empty-body -Wno-uninitialized -Wno-unknown-pragmas -Wno-shadow -Wno-four-char-constants -Wno-conversion -Wno-constant-conversion -Wno-int-conversion -Wno-bool-conversion -Wno-enum-conversion -Wno-float-conversion -Wno-non-literal-null-conversion -Wno-objc-literal-conversion -Wno-shorten-64-to-32 -Wpointer-sign -Wno-newline-eof -DCMAKE_INTDIR=\"Debug\" -isysroot /Applications/Xcode-beta.app/Contents/Developer/Platforms/MacOSX.platform/Developer/SDKs/MacOSX10.15.sdk -fasm-blocks -fstrict-aliasing -Wdeprecated-declarations -g -Wno-sign-conversion -Wno-infinite-recursion -Wno-comma -Wno-block-capture-autoreleasing -Wno-strict-prototypes -Wno-semicolon-before-method-body -I/Users/bektchiev/Downloads/libzip-1.5.2/cmake-build/CMakeFiles/CMakeTmp/Debug/include -I/Users/bektchiev/Downloads/libzip-1.5.2/cmake-build/CMakeFiles/CMakeTmp/CMAKE_TRY_COMPILE.build/Debug/cmTC_c98c9.build/DerivedSources-normal/x86_64 -I/Users/bektchiev/Downloads/libzip-1.5.2/cmake-build/CMakeFiles/CMakeTmp/CMAKE_TRY_COMPILE.build/Debug/cmTC_c98c9.build/DerivedSources/x86_64 -I/Users/bektchiev/Downloads/libzip-1.5.2/cmake-build/CMakeFiles/CMakeTmp/CMAKE_TRY_COMPILE.build/Debug/cmTC_c98c9.build/DerivedSources -Wmost -Wno-four-char-constants -Wno-unknown-pragmas -F/Users/bektchiev/Downloads/libzip-1.5.2/cmake-build/CMakeFiles/CMakeTmp/Debug -DCHECK_FUNCTION_EXISTS=explicit_bzero -MMD -MT dependencies -MF /Users/bektchiev/Downloads/libzip-1.5.2/cmake-build/CMakeFiles/CMakeTmp/CMAKE_TRY_COMPILE.build/Debug/cmTC_c98c9.build/Objects-normal/x86_64/CheckFunctionExists.d --serialize-diagnostics /Users/bektchiev/Downloads/libzip-1.5.2/cmake-build/CMakeFiles/CMakeTmp/CMAKE_TRY_COMPILE.build/Debug/cmTC_c98c9.build/Objects-normal/x86_64/CheckFunctionExists.dia -c /usr/local/Cellar/cmake/3.14.4/share/cmake/Modules/CheckFunctionExists.c -o /Users/bektchiev/Downloads/libzip-1.5.2/cmake-build/CMakeFiles/CMakeTmp/CMAKE_TRY_COMPILE.build/Debug/cmTC_c98c9.build/Objects-normal/x86_64/CheckFunctionExists.o

Ld Debug/cmTC_c98c9 normal x86_64
    (running because there is no record of having run this command since the last clean)
    cd /Users/bektchiev/Downloads/libzip-1.5.2/cmake-build/CMakeFiles/CMakeTmp
    /Applications/Xcode-beta.app/Contents/Developer/Toolchains/XcodeDefault.xctoolchain/usr/bin/clang -target x86_64-apple-macos10.15 -isysroot /Applications/Xcode-beta.app/Contents/Developer/Platforms/MacOSX.platform/Developer/SDKs/MacOSX10.15.sdk -L/Users/bektchiev/Downloads/libzip-1.5.2/cmake-build/CMakeFiles/CMakeTmp/Debug -F/Users/bektchiev/Downloads/libzip-1.5.2/cmake-build/CMakeFiles/CMakeTmp/Debug -filelist /Users/bektchiev/Downloads/libzip-1.5.2/cmake-build/CMakeFiles/CMakeTmp/CMAKE_TRY_COMPILE.build/Debug/cmTC_c98c9.build/Objects-normal/x86_64/cmTC_c98c9.LinkFileList -Xlinker -object_path_lto -Xlinker /Users/bektchiev/Downloads/libzip-1.5.2/cmake-build/CMakeFiles/CMakeTmp/CMAKE_TRY_COMPILE.build/Debug/cmTC_c98c9.build/Objects-normal/x86_64/cmTC_c98c9_lto.o -Xlinker -no_deduplicate -Wl,-search_paths_first -Wl,-headerpad_max_install_names -Xlinker -dependency_info -Xlinker /Users/bektchiev/Downloads/libzip-1.5.2/cmake-build/CMakeFiles/CMakeTmp/CMAKE_TRY_COMPILE.build/Debug/cmTC_c98c9.build/Objects-normal/x86_64/cmTC_c98c9_dependency_info.dat -o /Users/bektchiev/Downloads/libzip-1.5.2/cmake-build/CMakeFiles/CMakeTmp/Debug/cmTC_c98c9
Undefined symbols for architecture x86_64:
  "_explicit_bzero", referenced from:
      _main in CheckFunctionExists.o
ld: symbol(s) not found for architecture x86_64
clang: error: linker command failed with exit code 1 (use -v to see invocation)

** BUILD FAILED **


The following build commands failed:
	Ld Debug/cmTC_c98c9 normal x86_64
(1 failure)


Determining if the function explicit_memset exists failed with the following output:
Change Dir: /Users/bektchiev/Downloads/libzip-1.5.2/cmake-build/CMakeFiles/CMakeTmp

Run Build Command(s):/usr/bin/xcodebuild -project CMAKE_TRY_COMPILE.xcodeproj build -target cmTC_d8680 -configuration Debug -hideShellScriptEnvironment 
User defaults from command line:
    HideShellScriptEnvironment = YES

Prepare build
note: Using legacy build system

Build Preparation
Build task concurrency set to 8 via user default IDEBuildOperationMaxNumberOfConcurrentCompileTasks

=== BUILD TARGET cmTC_d8680 OF PROJECT CMAKE_TRY_COMPILE WITH CONFIGURATION Debug ===

Check dependencies

Write auxiliary files
/bin/mkdir -p /Users/bektchiev/Downloads/libzip-1.5.2/cmake-build/CMakeFiles/CMakeTmp/CMAKE_TRY_COMPILE.build/Debug/cmTC_d8680.build/Objects-normal/x86_64
write-file /Users/bektchiev/Downloads/libzip-1.5.2/cmake-build/CMakeFiles/CMakeTmp/CMAKE_TRY_COMPILE.build/Debug/cmTC_d8680.build/Objects-normal/x86_64/cmTC_d8680.LinkFileList

CompileC CMAKE_TRY_COMPILE.build/Debug/cmTC_d8680.build/Objects-normal/x86_64/CheckFunctionExists.o /usr/local/Cellar/cmake/3.14.4/share/cmake/Modules/CheckFunctionExists.c normal x86_64 c com.apple.compilers.llvm.clang.1_0.compiler
    (running because there is no record of having run this command since the last clean)
    cd /Users/bektchiev/Downloads/libzip-1.5.2/cmake-build/CMakeFiles/CMakeTmp
    /Applications/Xcode-beta.app/Contents/Developer/Toolchains/XcodeDefault.xctoolchain/usr/bin/clang -x c -target x86_64-apple-macos10.15 -fmessage-length=0 -fdiagnostics-show-note-include-stack -fmacro-backtrace-limit=0 -Wno-trigraphs -fpascal-strings -O0 -Wno-missing-field-initializers -Wno-missing-prototypes -Wno-return-type -Wno-missing-braces -Wparentheses -Wswitch -Wno-unused-function -Wno-unused-label -Wno-unused-parameter -Wno-unused-variable -Wunused-value -Wno-empty-body -Wno-uninitialized -Wno-unknown-pragmas -Wno-shadow -Wno-four-char-constants -Wno-conversion -Wno-constant-conversion -Wno-int-conversion -Wno-bool-conversion -Wno-enum-conversion -Wno-float-conversion -Wno-non-literal-null-conversion -Wno-objc-literal-conversion -Wno-shorten-64-to-32 -Wpointer-sign -Wno-newline-eof -DCMAKE_INTDIR=\"Debug\" -isysroot /Applications/Xcode-beta.app/Contents/Developer/Platforms/MacOSX.platform/Developer/SDKs/MacOSX10.15.sdk -fasm-blocks -fstrict-aliasing -Wdeprecated-declarations -g -Wno-sign-conversion -Wno-infinite-recursion -Wno-comma -Wno-block-capture-autoreleasing -Wno-strict-prototypes -Wno-semicolon-before-method-body -I/Users/bektchiev/Downloads/libzip-1.5.2/cmake-build/CMakeFiles/CMakeTmp/Debug/include -I/Users/bektchiev/Downloads/libzip-1.5.2/cmake-build/CMakeFiles/CMakeTmp/CMAKE_TRY_COMPILE.build/Debug/cmTC_d8680.build/DerivedSources-normal/x86_64 -I/Users/bektchiev/Downloads/libzip-1.5.2/cmake-build/CMakeFiles/CMakeTmp/CMAKE_TRY_COMPILE.build/Debug/cmTC_d8680.build/DerivedSources/x86_64 -I/Users/bektchiev/Downloads/libzip-1.5.2/cmake-build/CMakeFiles/CMakeTmp/CMAKE_TRY_COMPILE.build/Debug/cmTC_d8680.build/DerivedSources -Wmost -Wno-four-char-constants -Wno-unknown-pragmas -F/Users/bektchiev/Downloads/libzip-1.5.2/cmake-build/CMakeFiles/CMakeTmp/Debug -DCHECK_FUNCTION_EXISTS=explicit_memset -MMD -MT dependencies -MF /Users/bektchiev/Downloads/libzip-1.5.2/cmake-build/CMakeFiles/CMakeTmp/CMAKE_TRY_COMPILE.build/Debug/cmTC_d8680.build/Objects-normal/x86_64/CheckFunctionExists.d --serialize-diagnostics /Users/bektchiev/Downloads/libzip-1.5.2/cmake-build/CMakeFiles/CMakeTmp/CMAKE_TRY_COMPILE.build/Debug/cmTC_d8680.build/Objects-normal/x86_64/CheckFunctionExists.dia -c /usr/local/Cellar/cmake/3.14.4/share/cmake/Modules/CheckFunctionExists.c -o /Users/bektchiev/Downloads/libzip-1.5.2/cmake-build/CMakeFiles/CMakeTmp/CMAKE_TRY_COMPILE.build/Debug/cmTC_d8680.build/Objects-normal/x86_64/CheckFunctionExists.o

Ld Debug/cmTC_d8680 normal x86_64
    (running because there is no record of having run this command since the last clean)
    cd /Users/bektchiev/Downloads/libzip-1.5.2/cmake-build/CMakeFiles/CMakeTmp
    /Applications/Xcode-beta.app/Contents/Developer/Toolchains/XcodeDefault.xctoolchain/usr/bin/clang -target x86_64-apple-macos10.15 -isysroot /Applications/Xcode-beta.app/Contents/Developer/Platforms/MacOSX.platform/Developer/SDKs/MacOSX10.15.sdk -L/Users/bektchiev/Downloads/libzip-1.5.2/cmake-build/CMakeFiles/CMakeTmp/Debug -F/Users/bektchiev/Downloads/libzip-1.5.2/cmake-build/CMakeFiles/CMakeTmp/Debug -filelist /Users/bektchiev/Downloads/libzip-1.5.2/cmake-build/CMakeFiles/CMakeTmp/CMAKE_TRY_COMPILE.build/Debug/cmTC_d8680.build/Objects-normal/x86_64/cmTC_d8680.LinkFileList -Xlinker -object_path_lto -Xlinker /Users/bektchiev/Downloads/libzip-1.5.2/cmake-build/CMakeFiles/CMakeTmp/CMAKE_TRY_COMPILE.build/Debug/cmTC_d8680.build/Objects-normal/x86_64/cmTC_d8680_lto.o -Xlinker -no_deduplicate -Wl,-search_paths_first -Wl,-headerpad_max_install_names -Xlinker -dependency_info -Xlinker /Users/bektchiev/Downloads/libzip-1.5.2/cmake-build/CMakeFiles/CMakeTmp/CMAKE_TRY_COMPILE.build/Debug/cmTC_d8680.build/Objects-normal/x86_64/cmTC_d8680_dependency_info.dat -o /Users/bektchiev/Downloads/libzip-1.5.2/cmake-build/CMakeFiles/CMakeTmp/Debug/cmTC_d8680
Undefined symbols for architecture x86_64:
  "_explicit_memset", referenced from:
      _main in CheckFunctionExists.o
ld: symbol(s) not found for architecture x86_64
clang: error: linker command failed with exit code 1 (use -v to see invocation)

** BUILD FAILED **


The following build commands failed:
	Ld Debug/cmTC_d8680 normal x86_64
(1 failure)


Determining if the function stricmp exists failed with the following output:
Change Dir: /Users/bektchiev/Downloads/libzip-1.5.2/cmake-build/CMakeFiles/CMakeTmp

Run Build Command(s):/usr/bin/xcodebuild -project CMAKE_TRY_COMPILE.xcodeproj build -target cmTC_517db -configuration Debug -hideShellScriptEnvironment 
User defaults from command line:
    HideShellScriptEnvironment = YES

Prepare build
note: Using legacy build system

Build Preparation
Build task concurrency set to 8 via user default IDEBuildOperationMaxNumberOfConcurrentCompileTasks

=== BUILD TARGET cmTC_517db OF PROJECT CMAKE_TRY_COMPILE WITH CONFIGURATION Debug ===

Check dependencies

Write auxiliary files
/bin/mkdir -p /Users/bektchiev/Downloads/libzip-1.5.2/cmake-build/CMakeFiles/CMakeTmp/CMAKE_TRY_COMPILE.build/Debug/cmTC_517db.build/Objects-normal/x86_64
write-file /Users/bektchiev/Downloads/libzip-1.5.2/cmake-build/CMakeFiles/CMakeTmp/CMAKE_TRY_COMPILE.build/Debug/cmTC_517db.build/Objects-normal/x86_64/cmTC_517db.LinkFileList

CompileC CMAKE_TRY_COMPILE.build/Debug/cmTC_517db.build/Objects-normal/x86_64/CheckFunctionExists.o /usr/local/Cellar/cmake/3.14.4/share/cmake/Modules/CheckFunctionExists.c normal x86_64 c com.apple.compilers.llvm.clang.1_0.compiler
    (running because there is no record of having run this command since the last clean)
    cd /Users/bektchiev/Downloads/libzip-1.5.2/cmake-build/CMakeFiles/CMakeTmp
    /Applications/Xcode-beta.app/Contents/Developer/Toolchains/XcodeDefault.xctoolchain/usr/bin/clang -x c -target x86_64-apple-macos10.15 -fmessage-length=0 -fdiagnostics-show-note-include-stack -fmacro-backtrace-limit=0 -Wno-trigraphs -fpascal-strings -O0 -Wno-missing-field-initializers -Wno-missing-prototypes -Wno-return-type -Wno-missing-braces -Wparentheses -Wswitch -Wno-unused-function -Wno-unused-label -Wno-unused-parameter -Wno-unused-variable -Wunused-value -Wno-empty-body -Wno-uninitialized -Wno-unknown-pragmas -Wno-shadow -Wno-four-char-constants -Wno-conversion -Wno-constant-conversion -Wno-int-conversion -Wno-bool-conversion -Wno-enum-conversion -Wno-float-conversion -Wno-non-literal-null-conversion -Wno-objc-literal-conversion -Wno-shorten-64-to-32 -Wpointer-sign -Wno-newline-eof -DCMAKE_INTDIR=\"Debug\" -isysroot /Applications/Xcode-beta.app/Contents/Developer/Platforms/MacOSX.platform/Developer/SDKs/MacOSX10.15.sdk -fasm-blocks -fstrict-aliasing -Wdeprecated-declarations -g -Wno-sign-conversion -Wno-infinite-recursion -Wno-comma -Wno-block-capture-autoreleasing -Wno-strict-prototypes -Wno-semicolon-before-method-body -I/Users/bektchiev/Downloads/libzip-1.5.2/cmake-build/CMakeFiles/CMakeTmp/Debug/include -I/Users/bektchiev/Downloads/libzip-1.5.2/cmake-build/CMakeFiles/CMakeTmp/CMAKE_TRY_COMPILE.build/Debug/cmTC_517db.build/DerivedSources-normal/x86_64 -I/Users/bektchiev/Downloads/libzip-1.5.2/cmake-build/CMakeFiles/CMakeTmp/CMAKE_TRY_COMPILE.build/Debug/cmTC_517db.build/DerivedSources/x86_64 -I/Users/bektchiev/Downloads/libzip-1.5.2/cmake-build/CMakeFiles/CMakeTmp/CMAKE_TRY_COMPILE.build/Debug/cmTC_517db.build/DerivedSources -Wmost -Wno-four-char-constants -Wno-unknown-pragmas -F/Users/bektchiev/Downloads/libzip-1.5.2/cmake-build/CMakeFiles/CMakeTmp/Debug -DCHECK_FUNCTION_EXISTS=stricmp -MMD -MT dependencies -MF /Users/bektchiev/Downloads/libzip-1.5.2/cmake-build/CMakeFiles/CMakeTmp/CMAKE_TRY_COMPILE.build/Debug/cmTC_517db.build/Objects-normal/x86_64/CheckFunctionExists.d --serialize-diagnostics /Users/bektchiev/Downloads/libzip-1.5.2/cmake-build/CMakeFiles/CMakeTmp/CMAKE_TRY_COMPILE.build/Debug/cmTC_517db.build/Objects-normal/x86_64/CheckFunctionExists.dia -c /usr/local/Cellar/cmake/3.14.4/share/cmake/Modules/CheckFunctionExists.c -o /Users/bektchiev/Downloads/libzip-1.5.2/cmake-build/CMakeFiles/CMakeTmp/CMAKE_TRY_COMPILE.build/Debug/cmTC_517db.build/Objects-normal/x86_64/CheckFunctionExists.o

Ld Debug/cmTC_517db normal x86_64
    (running because there is no record of having run this command since the last clean)
    cd /Users/bektchiev/Downloads/libzip-1.5.2/cmake-build/CMakeFiles/CMakeTmp
    /Applications/Xcode-beta.app/Contents/Developer/Toolchains/XcodeDefault.xctoolchain/usr/bin/clang -target x86_64-apple-macos10.15 -isysroot /Applications/Xcode-beta.app/Contents/Developer/Platforms/MacOSX.platform/Developer/SDKs/MacOSX10.15.sdk -L/Users/bektchiev/Downloads/libzip-1.5.2/cmake-build/CMakeFiles/CMakeTmp/Debug -F/Users/bektchiev/Downloads/libzip-1.5.2/cmake-build/CMakeFiles/CMakeTmp/Debug -filelist /Users/bektchiev/Downloads/libzip-1.5.2/cmake-build/CMakeFiles/CMakeTmp/CMAKE_TRY_COMPILE.build/Debug/cmTC_517db.build/Objects-normal/x86_64/cmTC_517db.LinkFileList -Xlinker -object_path_lto -Xlinker /Users/bektchiev/Downloads/libzip-1.5.2/cmake-build/CMakeFiles/CMakeTmp/CMAKE_TRY_COMPILE.build/Debug/cmTC_517db.build/Objects-normal/x86_64/cmTC_517db_lto.o -Xlinker -no_deduplicate -Wl,-search_paths_first -Wl,-headerpad_max_install_names -Xlinker -dependency_info -Xlinker /Users/bektchiev/Downloads/libzip-1.5.2/cmake-build/CMakeFiles/CMakeTmp/CMAKE_TRY_COMPILE.build/Debug/cmTC_517db.build/Objects-normal/x86_64/cmTC_517db_dependency_info.dat -o /Users/bektchiev/Downloads/libzip-1.5.2/cmake-build/CMakeFiles/CMakeTmp/Debug/cmTC_517db
Undefined symbols for architecture x86_64:
  "_stricmp", referenced from:
      _main in CheckFunctionExists.o
ld: symbol(s) not found for architecture x86_64
clang: error: linker command failed with exit code 1 (use -v to see invocation)

** BUILD FAILED **


The following build commands failed:
	Ld Debug/cmTC_517db normal x86_64
(1 failure)


Determining size of __int8 failed with the following output:
Change Dir: /Users/bektchiev/Downloads/libzip-1.5.2/cmake-build/CMakeFiles/CMakeTmp

Run Build Command(s):/usr/bin/xcodebuild -project CMAKE_TRY_COMPILE.xcodeproj build -target cmTC_fe77b -configuration Debug -hideShellScriptEnvironment 
User defaults from command line:
    HideShellScriptEnvironment = YES

Prepare build
note: Using legacy build system

Build Preparation
Build task concurrency set to 8 via user default IDEBuildOperationMaxNumberOfConcurrentCompileTasks

=== BUILD TARGET cmTC_fe77b OF PROJECT CMAKE_TRY_COMPILE WITH CONFIGURATION Debug ===

Check dependencies

Write auxiliary files
/bin/mkdir -p /Users/bektchiev/Downloads/libzip-1.5.2/cmake-build/CMakeFiles/CMakeTmp/CMAKE_TRY_COMPILE.build/Debug/cmTC_fe77b.build/Objects-normal/x86_64
write-file /Users/bektchiev/Downloads/libzip-1.5.2/cmake-build/CMakeFiles/CMakeTmp/CMAKE_TRY_COMPILE.build/Debug/cmTC_fe77b.build/Objects-normal/x86_64/cmTC_fe77b.LinkFileList

CompileC CMAKE_TRY_COMPILE.build/Debug/cmTC_fe77b.build/Objects-normal/x86_64/__INT8_LIBZIP.o /Users/bektchiev/Downloads/libzip-1.5.2/cmake-build/CMakeFiles/CheckTypeSize/__INT8_LIBZIP.c normal x86_64 c com.apple.compilers.llvm.clang.1_0.compiler
    (running because there is no record of having run this command since the last clean)
    cd /Users/bektchiev/Downloads/libzip-1.5.2/cmake-build/CMakeFiles/CMakeTmp
    /Applications/Xcode-beta.app/Contents/Developer/Toolchains/XcodeDefault.xctoolchain/usr/bin/clang -x c -target x86_64-apple-macos10.15 -fmessage-length=0 -fdiagnostics-show-note-include-stack -fmacro-backtrace-limit=0 -Wno-trigraphs -fpascal-strings -O0 -Wno-missing-field-initializers -Wno-missing-prototypes -Wno-return-type -Wno-missing-braces -Wparentheses -Wswitch -Wno-unused-function -Wno-unused-label -Wno-unused-parameter -Wno-unused-variable -Wunused-value -Wno-empty-body -Wno-uninitialized -Wno-unknown-pragmas -Wno-shadow -Wno-four-char-constants -Wno-conversion -Wno-constant-conversion -Wno-int-conversion -Wno-bool-conversion -Wno-enum-conversion -Wno-float-conversion -Wno-non-literal-null-conversion -Wno-objc-literal-conversion -Wno-shorten-64-to-32 -Wpointer-sign -Wno-newline-eof -DCMAKE_INTDIR=\"Debug\" -isysroot /Applications/Xcode-beta.app/Contents/Developer/Platforms/MacOSX.platform/Developer/SDKs/MacOSX10.15.sdk -fasm-blocks -fstrict-aliasing -Wdeprecated-declarations -g -Wno-sign-conversion -Wno-infinite-recursion -Wno-comma -Wno-block-capture-autoreleasing -Wno-strict-prototypes -Wno-semicolon-before-method-body -I/Users/bektchiev/Downloads/libzip-1.5.2/cmake-build/CMakeFiles/CMakeTmp/Debug/include -I/Users/bektchiev/Downloads/libzip-1.5.2/cmake-build/CMakeFiles/CMakeTmp/CMAKE_TRY_COMPILE.build/Debug/cmTC_fe77b.build/DerivedSources-normal/x86_64 -I/Users/bektchiev/Downloads/libzip-1.5.2/cmake-build/CMakeFiles/CMakeTmp/CMAKE_TRY_COMPILE.build/Debug/cmTC_fe77b.build/DerivedSources/x86_64 -I/Users/bektchiev/Downloads/libzip-1.5.2/cmake-build/CMakeFiles/CMakeTmp/CMAKE_TRY_COMPILE.build/Debug/cmTC_fe77b.build/DerivedSources -Wmost -Wno-four-char-constants -Wno-unknown-pragmas -F/Users/bektchiev/Downloads/libzip-1.5.2/cmake-build/CMakeFiles/CMakeTmp/Debug -MMD -MT dependencies -MF /Users/bektchiev/Downloads/libzip-1.5.2/cmake-build/CMakeFiles/CMakeTmp/CMAKE_TRY_COMPILE.build/Debug/cmTC_fe77b.build/Objects-normal/x86_64/__INT8_LIBZIP.d --serialize-diagnostics /Users/bektchiev/Downloads/libzip-1.5.2/cmake-build/CMakeFiles/CMakeTmp/CMAKE_TRY_COMPILE.build/Debug/cmTC_fe77b.build/Objects-normal/x86_64/__INT8_LIBZIP.dia -c /Users/bektchiev/Downloads/libzip-1.5.2/cmake-build/CMakeFiles/CheckTypeSize/__INT8_LIBZIP.c -o /Users/bektchiev/Downloads/libzip-1.5.2/cmake-build/CMakeFiles/CMakeTmp/CMAKE_TRY_COMPILE.build/Debug/cmTC_fe77b.build/Objects-normal/x86_64/__INT8_LIBZIP.o
/Users/bektchiev/Downloads/libzip-1.5.2/cmake-build/CMakeFiles/CheckTypeSize/__INT8_LIBZIP.c:25:12: error: use of undeclared identifier '__int8'
  ('0' + ((SIZE / 10000)%10)),
           ^
/Users/bektchiev/Downloads/libzip-1.5.2/cmake-build/CMakeFiles/CheckTypeSize/__INT8_LIBZIP.c:23:22: note: expanded from macro 'SIZE'
#define SIZE (sizeof(__int8))
                     ^
/Users/bektchiev/Downloads/libzip-1.5.2/cmake-build/CMakeFiles/CheckTypeSize/__INT8_LIBZIP.c:26:12: error: use of undeclared identifier '__int8'
  ('0' + ((SIZE / 1000)%10)),
           ^
/Users/bektchiev/Downloads/libzip-1.5.2/cmake-build/CMakeFiles/CheckTypeSize/__INT8_LIBZIP.c:23:22: note: expanded from macro 'SIZE'
#define SIZE (sizeof(__int8))
                     ^
/Users/bektchiev/Downloads/libzip-1.5.2/cmake-build/CMakeFiles/CheckTypeSize/__INT8_LIBZIP.c:27:12: error: use of undeclared identifier '__int8'
  ('0' + ((SIZE / 100)%10)),
           ^
/Users/bektchiev/Downloads/libzip-1.5.2/cmake-build/CMakeFiles/CheckTypeSize/__INT8_LIBZIP.c:23:22: note: expanded from macro 'SIZE'
#define SIZE (sizeof(__int8))
                     ^
/Users/bektchiev/Downloads/libzip-1.5.2/cmake-build/CMakeFiles/CheckTypeSize/__INT8_LIBZIP.c:28:12: error: use of undeclared identifier '__int8'
  ('0' + ((SIZE / 10)%10)),
           ^
/Users/bektchiev/Downloads/libzip-1.5.2/cmake-build/CMakeFiles/CheckTypeSize/__INT8_LIBZIP.c:23:22: note: expanded from macro 'SIZE'
#define SIZE (sizeof(__int8))
                     ^
/Users/bektchiev/Downloads/libzip-1.5.2/cmake-build/CMakeFiles/CheckTypeSize/__INT8_LIBZIP.c:29:12: error: use of undeclared identifier '__int8'
  ('0' +  (SIZE    % 10)),
           ^
/Users/bektchiev/Downloads/libzip-1.5.2/cmake-build/CMakeFiles/CheckTypeSize/__INT8_LIBZIP.c:23:22: note: expanded from macro 'SIZE'
#define SIZE (sizeof(__int8))
                     ^
5 errors generated.

** BUILD FAILED **


The following build commands failed:
	CompileC CMAKE_TRY_COMPILE.build/Debug/cmTC_fe77b.build/Objects-normal/x86_64/__INT8_LIBZIP.o /Users/bektchiev/Downloads/libzip-1.5.2/cmake-build/CMakeFiles/CheckTypeSize/__INT8_LIBZIP.c normal x86_64 c com.apple.compilers.llvm.clang.1_0.compiler
(1 failure)

/Users/bektchiev/Downloads/libzip-1.5.2/cmake-build/CMakeFiles/CheckTypeSize/__INT8_LIBZIP.c:
#include <sys/types.h>
#include <stdint.h>
#include <stddef.h>


#undef KEY
#if defined(__i386)
# define KEY '_','_','i','3','8','6'
#elif defined(__x86_64)
# define KEY '_','_','x','8','6','_','6','4'
#elif defined(__ppc__)
# define KEY '_','_','p','p','c','_','_'
#elif defined(__ppc64__)
# define KEY '_','_','p','p','c','6','4','_','_'
#elif defined(__aarch64__)
# define KEY '_','_','a','a','r','c','h','6','4','_','_'
#elif defined(__ARM_ARCH_7A__)
# define KEY '_','_','A','R','M','_','A','R','C','H','_','7','A','_','_'
#elif defined(__ARM_ARCH_7S__)
# define KEY '_','_','A','R','M','_','A','R','C','H','_','7','S','_','_'
#endif

#define SIZE (sizeof(__int8))
char info_size[] =  {'I', 'N', 'F', 'O', ':', 's','i','z','e','[',
  ('0' + ((SIZE / 10000)%10)),
  ('0' + ((SIZE / 1000)%10)),
  ('0' + ((SIZE / 100)%10)),
  ('0' + ((SIZE / 10)%10)),
  ('0' +  (SIZE    % 10)),
  ']',
#ifdef KEY
  ' ','k','e','y','[', KEY, ']',
#endif
  '\0'};

#ifdef __CLASSIC_C__
int main(argc, argv) int argc; char *argv[];
#else
int main(int argc, char *argv[])
#endif
{
  int require = 0;
  require += info_size[argc];
  (void)argv;
  return require;
}


Determining size of __int16 failed with the following output:
Change Dir: /Users/bektchiev/Downloads/libzip-1.5.2/cmake-build/CMakeFiles/CMakeTmp

Run Build Command(s):/usr/bin/xcodebuild -project CMAKE_TRY_COMPILE.xcodeproj build -target cmTC_5fb04 -configuration Debug -hideShellScriptEnvironment 
User defaults from command line:
    HideShellScriptEnvironment = YES

Prepare build
note: Using legacy build system

Build Preparation
Build task concurrency set to 8 via user default IDEBuildOperationMaxNumberOfConcurrentCompileTasks

=== BUILD TARGET cmTC_5fb04 OF PROJECT CMAKE_TRY_COMPILE WITH CONFIGURATION Debug ===

Check dependencies

Write auxiliary files
/bin/mkdir -p /Users/bektchiev/Downloads/libzip-1.5.2/cmake-build/CMakeFiles/CMakeTmp/CMAKE_TRY_COMPILE.build/Debug/cmTC_5fb04.build/Objects-normal/x86_64
write-file /Users/bektchiev/Downloads/libzip-1.5.2/cmake-build/CMakeFiles/CMakeTmp/CMAKE_TRY_COMPILE.build/Debug/cmTC_5fb04.build/Objects-normal/x86_64/cmTC_5fb04.LinkFileList

CompileC CMAKE_TRY_COMPILE.build/Debug/cmTC_5fb04.build/Objects-normal/x86_64/__INT16_LIBZIP.o /Users/bektchiev/Downloads/libzip-1.5.2/cmake-build/CMakeFiles/CheckTypeSize/__INT16_LIBZIP.c normal x86_64 c com.apple.compilers.llvm.clang.1_0.compiler
    (running because there is no record of having run this command since the last clean)
    cd /Users/bektchiev/Downloads/libzip-1.5.2/cmake-build/CMakeFiles/CMakeTmp
    /Applications/Xcode-beta.app/Contents/Developer/Toolchains/XcodeDefault.xctoolchain/usr/bin/clang -x c -target x86_64-apple-macos10.15 -fmessage-length=0 -fdiagnostics-show-note-include-stack -fmacro-backtrace-limit=0 -Wno-trigraphs -fpascal-strings -O0 -Wno-missing-field-initializers -Wno-missing-prototypes -Wno-return-type -Wno-missing-braces -Wparentheses -Wswitch -Wno-unused-function -Wno-unused-label -Wno-unused-parameter -Wno-unused-variable -Wunused-value -Wno-empty-body -Wno-uninitialized -Wno-unknown-pragmas -Wno-shadow -Wno-four-char-constants -Wno-conversion -Wno-constant-conversion -Wno-int-conversion -Wno-bool-conversion -Wno-enum-conversion -Wno-float-conversion -Wno-non-literal-null-conversion -Wno-objc-literal-conversion -Wno-shorten-64-to-32 -Wpointer-sign -Wno-newline-eof -DCMAKE_INTDIR=\"Debug\" -isysroot /Applications/Xcode-beta.app/Contents/Developer/Platforms/MacOSX.platform/Developer/SDKs/MacOSX10.15.sdk -fasm-blocks -fstrict-aliasing -Wdeprecated-declarations -g -Wno-sign-conversion -Wno-infinite-recursion -Wno-comma -Wno-block-capture-autoreleasing -Wno-strict-prototypes -Wno-semicolon-before-method-body -I/Users/bektchiev/Downloads/libzip-1.5.2/cmake-build/CMakeFiles/CMakeTmp/Debug/include -I/Users/bektchiev/Downloads/libzip-1.5.2/cmake-build/CMakeFiles/CMakeTmp/CMAKE_TRY_COMPILE.build/Debug/cmTC_5fb04.build/DerivedSources-normal/x86_64 -I/Users/bektchiev/Downloads/libzip-1.5.2/cmake-build/CMakeFiles/CMakeTmp/CMAKE_TRY_COMPILE.build/Debug/cmTC_5fb04.build/DerivedSources/x86_64 -I/Users/bektchiev/Downloads/libzip-1.5.2/cmake-build/CMakeFiles/CMakeTmp/CMAKE_TRY_COMPILE.build/Debug/cmTC_5fb04.build/DerivedSources -Wmost -Wno-four-char-constants -Wno-unknown-pragmas -F/Users/bektchiev/Downloads/libzip-1.5.2/cmake-build/CMakeFiles/CMakeTmp/Debug -MMD -MT dependencies -MF /Users/bektchiev/Downloads/libzip-1.5.2/cmake-build/CMakeFiles/CMakeTmp/CMAKE_TRY_COMPILE.build/Debug/cmTC_5fb04.build/Objects-normal/x86_64/__INT16_LIBZIP.d --serialize-diagnostics /Users/bektchiev/Downloads/libzip-1.5.2/cmake-build/CMakeFiles/CMakeTmp/CMAKE_TRY_COMPILE.build/Debug/cmTC_5fb04.build/Objects-normal/x86_64/__INT16_LIBZIP.dia -c /Users/bektchiev/Downloads/libzip-1.5.2/cmake-build/CMakeFiles/CheckTypeSize/__INT16_LIBZIP.c -o /Users/bektchiev/Downloads/libzip-1.5.2/cmake-build/CMakeFiles/CMakeTmp/CMAKE_TRY_COMPILE.build/Debug/cmTC_5fb04.build/Objects-normal/x86_64/__INT16_LIBZIP.o
/Users/bektchiev/Downloads/libzip-1.5.2/cmake-build/CMakeFiles/CheckTypeSize/__INT16_LIBZIP.c:25:12: error: use of undeclared identifier '__int16'
  ('0' + ((SIZE / 10000)%10)),
           ^
/Users/bektchiev/Downloads/libzip-1.5.2/cmake-build/CMakeFiles/CheckTypeSize/__INT16_LIBZIP.c:23:22: note: expanded from macro 'SIZE'
#define SIZE (sizeof(__int16))
                     ^
/Users/bektchiev/Downloads/libzip-1.5.2/cmake-build/CMakeFiles/CheckTypeSize/__INT16_LIBZIP.c:26:12: error: use of undeclared identifier '__int16'
  ('0' + ((SIZE / 1000)%10)),
           ^
/Users/bektchiev/Downloads/libzip-1.5.2/cmake-build/CMakeFiles/CheckTypeSize/__INT16_LIBZIP.c:23:22: note: expanded from macro 'SIZE'
#define SIZE (sizeof(__int16))
                     ^
/Users/bektchiev/Downloads/libzip-1.5.2/cmake-build/CMakeFiles/CheckTypeSize/__INT16_LIBZIP.c:27:12: error: use of undeclared identifier '__int16'
  ('0' + ((SIZE / 100)%10)),
           ^
/Users/bektchiev/Downloads/libzip-1.5.2/cmake-build/CMakeFiles/CheckTypeSize/__INT16_LIBZIP.c:23:22: note: expanded from macro 'SIZE'
#define SIZE (sizeof(__int16))
                     ^
/Users/bektchiev/Downloads/libzip-1.5.2/cmake-build/CMakeFiles/CheckTypeSize/__INT16_LIBZIP.c:28:12: error: use of undeclared identifier '__int16'
  ('0' + ((SIZE / 10)%10)),
           ^
/Users/bektchiev/Downloads/libzip-1.5.2/cmake-build/CMakeFiles/CheckTypeSize/__INT16_LIBZIP.c:23:22: note: expanded from macro 'SIZE'
#define SIZE (sizeof(__int16))
                     ^
/Users/bektchiev/Downloads/libzip-1.5.2/cmake-build/CMakeFiles/CheckTypeSize/__INT16_LIBZIP.c:29:12: error: use of undeclared identifier '__int16'
  ('0' +  (SIZE    % 10)),
           ^
/Users/bektchiev/Downloads/libzip-1.5.2/cmake-build/CMakeFiles/CheckTypeSize/__INT16_LIBZIP.c:23:22: note: expanded from macro 'SIZE'
#define SIZE (sizeof(__int16))
                     ^
5 errors generated.

** BUILD FAILED **


The following build commands failed:
	CompileC CMAKE_TRY_COMPILE.build/Debug/cmTC_5fb04.build/Objects-normal/x86_64/__INT16_LIBZIP.o /Users/bektchiev/Downloads/libzip-1.5.2/cmake-build/CMakeFiles/CheckTypeSize/__INT16_LIBZIP.c normal x86_64 c com.apple.compilers.llvm.clang.1_0.compiler
(1 failure)

/Users/bektchiev/Downloads/libzip-1.5.2/cmake-build/CMakeFiles/CheckTypeSize/__INT16_LIBZIP.c:
#include <sys/types.h>
#include <stdint.h>
#include <stddef.h>


#undef KEY
#if defined(__i386)
# define KEY '_','_','i','3','8','6'
#elif defined(__x86_64)
# define KEY '_','_','x','8','6','_','6','4'
#elif defined(__ppc__)
# define KEY '_','_','p','p','c','_','_'
#elif defined(__ppc64__)
# define KEY '_','_','p','p','c','6','4','_','_'
#elif defined(__aarch64__)
# define KEY '_','_','a','a','r','c','h','6','4','_','_'
#elif defined(__ARM_ARCH_7A__)
# define KEY '_','_','A','R','M','_','A','R','C','H','_','7','A','_','_'
#elif defined(__ARM_ARCH_7S__)
# define KEY '_','_','A','R','M','_','A','R','C','H','_','7','S','_','_'
#endif

#define SIZE (sizeof(__int16))
char info_size[] =  {'I', 'N', 'F', 'O', ':', 's','i','z','e','[',
  ('0' + ((SIZE / 10000)%10)),
  ('0' + ((SIZE / 1000)%10)),
  ('0' + ((SIZE / 100)%10)),
  ('0' + ((SIZE / 10)%10)),
  ('0' +  (SIZE    % 10)),
  ']',
#ifdef KEY
  ' ','k','e','y','[', KEY, ']',
#endif
  '\0'};

#ifdef __CLASSIC_C__
int main(argc, argv) int argc; char *argv[];
#else
int main(int argc, char *argv[])
#endif
{
  int require = 0;
  require += info_size[argc];
  (void)argv;
  return require;
}


Determining size of __int32 failed with the following output:
Change Dir: /Users/bektchiev/Downloads/libzip-1.5.2/cmake-build/CMakeFiles/CMakeTmp

Run Build Command(s):/usr/bin/xcodebuild -project CMAKE_TRY_COMPILE.xcodeproj build -target cmTC_7ff10 -configuration Debug -hideShellScriptEnvironment 
User defaults from command line:
    HideShellScriptEnvironment = YES

Prepare build
note: Using legacy build system

Build Preparation
Build task concurrency set to 8 via user default IDEBuildOperationMaxNumberOfConcurrentCompileTasks

=== BUILD TARGET cmTC_7ff10 OF PROJECT CMAKE_TRY_COMPILE WITH CONFIGURATION Debug ===

Check dependencies

Write auxiliary files
/bin/mkdir -p /Users/bektchiev/Downloads/libzip-1.5.2/cmake-build/CMakeFiles/CMakeTmp/CMAKE_TRY_COMPILE.build/Debug/cmTC_7ff10.build/Objects-normal/x86_64
write-file /Users/bektchiev/Downloads/libzip-1.5.2/cmake-build/CMakeFiles/CMakeTmp/CMAKE_TRY_COMPILE.build/Debug/cmTC_7ff10.build/Objects-normal/x86_64/cmTC_7ff10.LinkFileList

CompileC CMAKE_TRY_COMPILE.build/Debug/cmTC_7ff10.build/Objects-normal/x86_64/__INT32_LIBZIP.o /Users/bektchiev/Downloads/libzip-1.5.2/cmake-build/CMakeFiles/CheckTypeSize/__INT32_LIBZIP.c normal x86_64 c com.apple.compilers.llvm.clang.1_0.compiler
    (running because there is no record of having run this command since the last clean)
    cd /Users/bektchiev/Downloads/libzip-1.5.2/cmake-build/CMakeFiles/CMakeTmp
    /Applications/Xcode-beta.app/Contents/Developer/Toolchains/XcodeDefault.xctoolchain/usr/bin/clang -x c -target x86_64-apple-macos10.15 -fmessage-length=0 -fdiagnostics-show-note-include-stack -fmacro-backtrace-limit=0 -Wno-trigraphs -fpascal-strings -O0 -Wno-missing-field-initializers -Wno-missing-prototypes -Wno-return-type -Wno-missing-braces -Wparentheses -Wswitch -Wno-unused-function -Wno-unused-label -Wno-unused-parameter -Wno-unused-variable -Wunused-value -Wno-empty-body -Wno-uninitialized -Wno-unknown-pragmas -Wno-shadow -Wno-four-char-constants -Wno-conversion -Wno-constant-conversion -Wno-int-conversion -Wno-bool-conversion -Wno-enum-conversion -Wno-float-conversion -Wno-non-literal-null-conversion -Wno-objc-literal-conversion -Wno-shorten-64-to-32 -Wpointer-sign -Wno-newline-eof -DCMAKE_INTDIR=\"Debug\" -isysroot /Applications/Xcode-beta.app/Contents/Developer/Platforms/MacOSX.platform/Developer/SDKs/MacOSX10.15.sdk -fasm-blocks -fstrict-aliasing -Wdeprecated-declarations -g -Wno-sign-conversion -Wno-infinite-recursion -Wno-comma -Wno-block-capture-autoreleasing -Wno-strict-prototypes -Wno-semicolon-before-method-body -I/Users/bektchiev/Downloads/libzip-1.5.2/cmake-build/CMakeFiles/CMakeTmp/Debug/include -I/Users/bektchiev/Downloads/libzip-1.5.2/cmake-build/CMakeFiles/CMakeTmp/CMAKE_TRY_COMPILE.build/Debug/cmTC_7ff10.build/DerivedSources-normal/x86_64 -I/Users/bektchiev/Downloads/libzip-1.5.2/cmake-build/CMakeFiles/CMakeTmp/CMAKE_TRY_COMPILE.build/Debug/cmTC_7ff10.build/DerivedSources/x86_64 -I/Users/bektchiev/Downloads/libzip-1.5.2/cmake-build/CMakeFiles/CMakeTmp/CMAKE_TRY_COMPILE.build/Debug/cmTC_7ff10.build/DerivedSources -Wmost -Wno-four-char-constants -Wno-unknown-pragmas -F/Users/bektchiev/Downloads/libzip-1.5.2/cmake-build/CMakeFiles/CMakeTmp/Debug -MMD -MT dependencies -MF /Users/bektchiev/Downloads/libzip-1.5.2/cmake-build/CMakeFiles/CMakeTmp/CMAKE_TRY_COMPILE.build/Debug/cmTC_7ff10.build/Objects-normal/x86_64/__INT32_LIBZIP.d --serialize-diagnostics /Users/bektchiev/Downloads/libzip-1.5.2/cmake-build/CMakeFiles/CMakeTmp/CMAKE_TRY_COMPILE.build/Debug/cmTC_7ff10.build/Objects-normal/x86_64/__INT32_LIBZIP.dia -c /Users/bektchiev/Downloads/libzip-1.5.2/cmake-build/CMakeFiles/CheckTypeSize/__INT32_LIBZIP.c -o /Users/bektchiev/Downloads/libzip-1.5.2/cmake-build/CMakeFiles/CMakeTmp/CMAKE_TRY_COMPILE.build/Debug/cmTC_7ff10.build/Objects-normal/x86_64/__INT32_LIBZIP.o
/Users/bektchiev/Downloads/libzip-1.5.2/cmake-build/CMakeFiles/CheckTypeSize/__INT32_LIBZIP.c:25:12: error: use of undeclared identifier '__int32'
  ('0' + ((SIZE / 10000)%10)),
           ^
/Users/bektchiev/Downloads/libzip-1.5.2/cmake-build/CMakeFiles/CheckTypeSize/__INT32_LIBZIP.c:23:22: note: expanded from macro 'SIZE'
#define SIZE (sizeof(__int32))
                     ^
/Users/bektchiev/Downloads/libzip-1.5.2/cmake-build/CMakeFiles/CheckTypeSize/__INT32_LIBZIP.c:26:12: error: use of undeclared identifier '__int32'
  ('0' + ((SIZE / 1000)%10)),
           ^
/Users/bektchiev/Downloads/libzip-1.5.2/cmake-build/CMakeFiles/CheckTypeSize/__INT32_LIBZIP.c:23:22: note: expanded from macro 'SIZE'
#define SIZE (sizeof(__int32))
                     ^
/Users/bektchiev/Downloads/libzip-1.5.2/cmake-build/CMakeFiles/CheckTypeSize/__INT32_LIBZIP.c:27:12: error: use of undeclared identifier '__int32'
  ('0' + ((SIZE / 100)%10)),
           ^
/Users/bektchiev/Downloads/libzip-1.5.2/cmake-build/CMakeFiles/CheckTypeSize/__INT32_LIBZIP.c:23:22: note: expanded from macro 'SIZE'
#define SIZE (sizeof(__int32))
                     ^
/Users/bektchiev/Downloads/libzip-1.5.2/cmake-build/CMakeFiles/CheckTypeSize/__INT32_LIBZIP.c:28:12: error: use of undeclared identifier '__int32'
  ('0' + ((SIZE / 10)%10)),
           ^
/Users/bektchiev/Downloads/libzip-1.5.2/cmake-build/CMakeFiles/CheckTypeSize/__INT32_LIBZIP.c:23:22: note: expanded from macro 'SIZE'
#define SIZE (sizeof(__int32))
                     ^
/Users/bektchiev/Downloads/libzip-1.5.2/cmake-build/CMakeFiles/CheckTypeSize/__INT32_LIBZIP.c:29:12: error: use of undeclared identifier '__int32'
  ('0' +  (SIZE    % 10)),
           ^
/Users/bektchiev/Downloads/libzip-1.5.2/cmake-build/CMakeFiles/CheckTypeSize/__INT32_LIBZIP.c:23:22: note: expanded from macro 'SIZE'
#define SIZE (sizeof(__int32))
                     ^
5 errors generated.

** BUILD FAILED **


The following build commands failed:
	CompileC CMAKE_TRY_COMPILE.build/Debug/cmTC_7ff10.build/Objects-normal/x86_64/__INT32_LIBZIP.o /Users/bektchiev/Downloads/libzip-1.5.2/cmake-build/CMakeFiles/CheckTypeSize/__INT32_LIBZIP.c normal x86_64 c com.apple.compilers.llvm.clang.1_0.compiler
(1 failure)

/Users/bektchiev/Downloads/libzip-1.5.2/cmake-build/CMakeFiles/CheckTypeSize/__INT32_LIBZIP.c:
#include <sys/types.h>
#include <stdint.h>
#include <stddef.h>


#undef KEY
#if defined(__i386)
# define KEY '_','_','i','3','8','6'
#elif defined(__x86_64)
# define KEY '_','_','x','8','6','_','6','4'
#elif defined(__ppc__)
# define KEY '_','_','p','p','c','_','_'
#elif defined(__ppc64__)
# define KEY '_','_','p','p','c','6','4','_','_'
#elif defined(__aarch64__)
# define KEY '_','_','a','a','r','c','h','6','4','_','_'
#elif defined(__ARM_ARCH_7A__)
# define KEY '_','_','A','R','M','_','A','R','C','H','_','7','A','_','_'
#elif defined(__ARM_ARCH_7S__)
# define KEY '_','_','A','R','M','_','A','R','C','H','_','7','S','_','_'
#endif

#define SIZE (sizeof(__int32))
char info_size[] =  {'I', 'N', 'F', 'O', ':', 's','i','z','e','[',
  ('0' + ((SIZE / 10000)%10)),
  ('0' + ((SIZE / 1000)%10)),
  ('0' + ((SIZE / 100)%10)),
  ('0' + ((SIZE / 10)%10)),
  ('0' +  (SIZE    % 10)),
  ']',
#ifdef KEY
  ' ','k','e','y','[', KEY, ']',
#endif
  '\0'};

#ifdef __CLASSIC_C__
int main(argc, argv) int argc; char *argv[];
#else
int main(int argc, char *argv[])
#endif
{
  int require = 0;
  require += info_size[argc];
  (void)argv;
  return require;
}


Determining size of __int64 failed with the following output:
Change Dir: /Users/bektchiev/Downloads/libzip-1.5.2/cmake-build/CMakeFiles/CMakeTmp

Run Build Command(s):/usr/bin/xcodebuild -project CMAKE_TRY_COMPILE.xcodeproj build -target cmTC_45b6b -configuration Debug -hideShellScriptEnvironment 
User defaults from command line:
    HideShellScriptEnvironment = YES

Prepare build
note: Using legacy build system

Build Preparation
Build task concurrency set to 8 via user default IDEBuildOperationMaxNumberOfConcurrentCompileTasks

=== BUILD TARGET cmTC_45b6b OF PROJECT CMAKE_TRY_COMPILE WITH CONFIGURATION Debug ===

Check dependencies

Write auxiliary files
/bin/mkdir -p /Users/bektchiev/Downloads/libzip-1.5.2/cmake-build/CMakeFiles/CMakeTmp/CMAKE_TRY_COMPILE.build/Debug/cmTC_45b6b.build/Objects-normal/x86_64
write-file /Users/bektchiev/Downloads/libzip-1.5.2/cmake-build/CMakeFiles/CMakeTmp/CMAKE_TRY_COMPILE.build/Debug/cmTC_45b6b.build/Objects-normal/x86_64/cmTC_45b6b.LinkFileList

CompileC CMAKE_TRY_COMPILE.build/Debug/cmTC_45b6b.build/Objects-normal/x86_64/__INT64_LIBZIP.o /Users/bektchiev/Downloads/libzip-1.5.2/cmake-build/CMakeFiles/CheckTypeSize/__INT64_LIBZIP.c normal x86_64 c com.apple.compilers.llvm.clang.1_0.compiler
    (running because there is no record of having run this command since the last clean)
    cd /Users/bektchiev/Downloads/libzip-1.5.2/cmake-build/CMakeFiles/CMakeTmp
    /Applications/Xcode-beta.app/Contents/Developer/Toolchains/XcodeDefault.xctoolchain/usr/bin/clang -x c -target x86_64-apple-macos10.15 -fmessage-length=0 -fdiagnostics-show-note-include-stack -fmacro-backtrace-limit=0 -Wno-trigraphs -fpascal-strings -O0 -Wno-missing-field-initializers -Wno-missing-prototypes -Wno-return-type -Wno-missing-braces -Wparentheses -Wswitch -Wno-unused-function -Wno-unused-label -Wno-unused-parameter -Wno-unused-variable -Wunused-value -Wno-empty-body -Wno-uninitialized -Wno-unknown-pragmas -Wno-shadow -Wno-four-char-constants -Wno-conversion -Wno-constant-conversion -Wno-int-conversion -Wno-bool-conversion -Wno-enum-conversion -Wno-float-conversion -Wno-non-literal-null-conversion -Wno-objc-literal-conversion -Wno-shorten-64-to-32 -Wpointer-sign -Wno-newline-eof -DCMAKE_INTDIR=\"Debug\" -isysroot /Applications/Xcode-beta.app/Contents/Developer/Platforms/MacOSX.platform/Developer/SDKs/MacOSX10.15.sdk -fasm-blocks -fstrict-aliasing -Wdeprecated-declarations -g -Wno-sign-conversion -Wno-infinite-recursion -Wno-comma -Wno-block-capture-autoreleasing -Wno-strict-prototypes -Wno-semicolon-before-method-body -I/Users/bektchiev/Downloads/libzip-1.5.2/cmake-build/CMakeFiles/CMakeTmp/Debug/include -I/Users/bektchiev/Downloads/libzip-1.5.2/cmake-build/CMakeFiles/CMakeTmp/CMAKE_TRY_COMPILE.build/Debug/cmTC_45b6b.build/DerivedSources-normal/x86_64 -I/Users/bektchiev/Downloads/libzip-1.5.2/cmake-build/CMakeFiles/CMakeTmp/CMAKE_TRY_COMPILE.build/Debug/cmTC_45b6b.build/DerivedSources/x86_64 -I/Users/bektchiev/Downloads/libzip-1.5.2/cmake-build/CMakeFiles/CMakeTmp/CMAKE_TRY_COMPILE.build/Debug/cmTC_45b6b.build/DerivedSources -Wmost -Wno-four-char-constants -Wno-unknown-pragmas -F/Users/bektchiev/Downloads/libzip-1.5.2/cmake-build/CMakeFiles/CMakeTmp/Debug -MMD -MT dependencies -MF /Users/bektchiev/Downloads/libzip-1.5.2/cmake-build/CMakeFiles/CMakeTmp/CMAKE_TRY_COMPILE.build/Debug/cmTC_45b6b.build/Objects-normal/x86_64/__INT64_LIBZIP.d --serialize-diagnostics /Users/bektchiev/Downloads/libzip-1.5.2/cmake-build/CMakeFiles/CMakeTmp/CMAKE_TRY_COMPILE.build/Debug/cmTC_45b6b.build/Objects-normal/x86_64/__INT64_LIBZIP.dia -c /Users/bektchiev/Downloads/libzip-1.5.2/cmake-build/CMakeFiles/CheckTypeSize/__INT64_LIBZIP.c -o /Users/bektchiev/Downloads/libzip-1.5.2/cmake-build/CMakeFiles/CMakeTmp/CMAKE_TRY_COMPILE.build/Debug/cmTC_45b6b.build/Objects-normal/x86_64/__INT64_LIBZIP.o
/Users/bektchiev/Downloads/libzip-1.5.2/cmake-build/CMakeFiles/CheckTypeSize/__INT64_LIBZIP.c:25:12: error: use of undeclared identifier '__int64'
  ('0' + ((SIZE / 10000)%10)),
           ^
/Users/bektchiev/Downloads/libzip-1.5.2/cmake-build/CMakeFiles/CheckTypeSize/__INT64_LIBZIP.c:23:22: note: expanded from macro 'SIZE'
#define SIZE (sizeof(__int64))
                     ^
/Users/bektchiev/Downloads/libzip-1.5.2/cmake-build/CMakeFiles/CheckTypeSize/__INT64_LIBZIP.c:26:12: error: use of undeclared identifier '__int64'
  ('0' + ((SIZE / 1000)%10)),
           ^
/Users/bektchiev/Downloads/libzip-1.5.2/cmake-build/CMakeFiles/CheckTypeSize/__INT64_LIBZIP.c:23:22: note: expanded from macro 'SIZE'
#define SIZE (sizeof(__int64))
                     ^
/Users/bektchiev/Downloads/libzip-1.5.2/cmake-build/CMakeFiles/CheckTypeSize/__INT64_LIBZIP.c:27:12: error: use of undeclared identifier '__int64'
  ('0' + ((SIZE / 100)%10)),
           ^
/Users/bektchiev/Downloads/libzip-1.5.2/cmake-build/CMakeFiles/CheckTypeSize/__INT64_LIBZIP.c:23:22: note: expanded from macro 'SIZE'
#define SIZE (sizeof(__int64))
                     ^
/Users/bektchiev/Downloads/libzip-1.5.2/cmake-build/CMakeFiles/CheckTypeSize/__INT64_LIBZIP.c:28:12: error: use of undeclared identifier '__int64'
  ('0' + ((SIZE / 10)%10)),
           ^
/Users/bektchiev/Downloads/libzip-1.5.2/cmake-build/CMakeFiles/CheckTypeSize/__INT64_LIBZIP.c:23:22: note: expanded from macro 'SIZE'
#define SIZE (sizeof(__int64))
                     ^
/Users/bektchiev/Downloads/libzip-1.5.2/cmake-build/CMakeFiles/CheckTypeSize/__INT64_LIBZIP.c:29:12: error: use of undeclared identifier '__int64'
  ('0' +  (SIZE    % 10)),
           ^
/Users/bektchiev/Downloads/libzip-1.5.2/cmake-build/CMakeFiles/CheckTypeSize/__INT64_LIBZIP.c:23:22: note: expanded from macro 'SIZE'
#define SIZE (sizeof(__int64))
                     ^
5 errors generated.

** BUILD FAILED **


The following build commands failed:
	CompileC CMAKE_TRY_COMPILE.build/Debug/cmTC_45b6b.build/Objects-normal/x86_64/__INT64_LIBZIP.o /Users/bektchiev/Downloads/libzip-1.5.2/cmake-build/CMakeFiles/CheckTypeSize/__INT64_LIBZIP.c normal x86_64 c com.apple.compilers.llvm.clang.1_0.compiler
(1 failure)

/Users/bektchiev/Downloads/libzip-1.5.2/cmake-build/CMakeFiles/CheckTypeSize/__INT64_LIBZIP.c:
#include <sys/types.h>
#include <stdint.h>
#include <stddef.h>


#undef KEY
#if defined(__i386)
# define KEY '_','_','i','3','8','6'
#elif defined(__x86_64)
# define KEY '_','_','x','8','6','_','6','4'
#elif defined(__ppc__)
# define KEY '_','_','p','p','c','_','_'
#elif defined(__ppc64__)
# define KEY '_','_','p','p','c','6','4','_','_'
#elif defined(__aarch64__)
# define KEY '_','_','a','a','r','c','h','6','4','_','_'
#elif defined(__ARM_ARCH_7A__)
# define KEY '_','_','A','R','M','_','A','R','C','H','_','7','A','_','_'
#elif defined(__ARM_ARCH_7S__)
# define KEY '_','_','A','R','M','_','A','R','C','H','_','7','S','_','_'
#endif

#define SIZE (sizeof(__int64))
char info_size[] =  {'I', 'N', 'F', 'O', ':', 's','i','z','e','[',
  ('0' + ((SIZE / 10000)%10)),
  ('0' + ((SIZE / 1000)%10)),
  ('0' + ((SIZE / 100)%10)),
  ('0' + ((SIZE / 10)%10)),
  ('0' +  (SIZE    % 10)),
  ']',
#ifdef KEY
  ' ','k','e','y','[', KEY, ']',
#endif
  '\0'};

#ifdef __CLASSIC_C__
int main(argc, argv) int argc; char *argv[];
#else
int main(int argc, char *argv[])
#endif
{
  int require = 0;
  require += info_size[argc];
  (void)argv;
  return require;
}


Performing C SOURCE FILE Test HAVE_FICLONERANGE failed with the following output:
Change Dir: /Users/bektchiev/Downloads/libzip-1.5.2/cmake-build/CMakeFiles/CMakeTmp

Run Build Command(s):/usr/bin/xcodebuild -project CMAKE_TRY_COMPILE.xcodeproj build -target cmTC_926bf -configuration Debug -hideShellScriptEnvironment 
User defaults from command line:
    HideShellScriptEnvironment = YES

Prepare build
note: Using legacy build system

Build Preparation
Build task concurrency set to 8 via user default IDEBuildOperationMaxNumberOfConcurrentCompileTasks

=== BUILD TARGET cmTC_926bf OF PROJECT CMAKE_TRY_COMPILE WITH CONFIGURATION Debug ===

Check dependencies

Write auxiliary files
/bin/mkdir -p /Users/bektchiev/Downloads/libzip-1.5.2/cmake-build/CMakeFiles/CMakeTmp/CMAKE_TRY_COMPILE.build/Debug/cmTC_926bf.build/Objects-normal/x86_64
write-file /Users/bektchiev/Downloads/libzip-1.5.2/cmake-build/CMakeFiles/CMakeTmp/CMAKE_TRY_COMPILE.build/Debug/cmTC_926bf.build/Objects-normal/x86_64/cmTC_926bf.LinkFileList

CompileC CMAKE_TRY_COMPILE.build/Debug/cmTC_926bf.build/Objects-normal/x86_64/src.o src.c normal x86_64 c com.apple.compilers.llvm.clang.1_0.compiler
    (running because there is no record of having run this command since the last clean)
    cd /Users/bektchiev/Downloads/libzip-1.5.2/cmake-build/CMakeFiles/CMakeTmp
    /Applications/Xcode-beta.app/Contents/Developer/Toolchains/XcodeDefault.xctoolchain/usr/bin/clang -x c -target x86_64-apple-macos10.15 -fmessage-length=0 -fdiagnostics-show-note-include-stack -fmacro-backtrace-limit=0 -Wno-trigraphs -fpascal-strings -O0 -Wno-missing-field-initializers -Wno-missing-prototypes -Wno-return-type -Wno-missing-braces -Wparentheses -Wswitch -Wno-unused-function -Wno-unused-label -Wno-unused-parameter -Wno-unused-variable -Wunused-value -Wno-empty-body -Wno-uninitialized -Wno-unknown-pragmas -Wno-shadow -Wno-four-char-constants -Wno-conversion -Wno-constant-conversion -Wno-int-conversion -Wno-bool-conversion -Wno-enum-conversion -Wno-float-conversion -Wno-non-literal-null-conversion -Wno-objc-literal-conversion -Wno-shorten-64-to-32 -Wpointer-sign -Wno-newline-eof -DCMAKE_INTDIR=\"Debug\" -isysroot /Applications/Xcode-beta.app/Contents/Developer/Platforms/MacOSX.platform/Developer/SDKs/MacOSX10.15.sdk -fasm-blocks -fstrict-aliasing -Wdeprecated-declarations -g -Wno-sign-conversion -Wno-infinite-recursion -Wno-comma -Wno-block-capture-autoreleasing -Wno-strict-prototypes -Wno-semicolon-before-method-body -I/Users/bektchiev/Downloads/libzip-1.5.2/cmake-build/CMakeFiles/CMakeTmp/Debug/include -I/Users/bektchiev/Downloads/libzip-1.5.2/cmake-build/CMakeFiles/CMakeTmp/CMAKE_TRY_COMPILE.build/Debug/cmTC_926bf.build/DerivedSources-normal/x86_64 -I/Users/bektchiev/Downloads/libzip-1.5.2/cmake-build/CMakeFiles/CMakeTmp/CMAKE_TRY_COMPILE.build/Debug/cmTC_926bf.build/DerivedSources/x86_64 -I/Users/bektchiev/Downloads/libzip-1.5.2/cmake-build/CMakeFiles/CMakeTmp/CMAKE_TRY_COMPILE.build/Debug/cmTC_926bf.build/DerivedSources -Wmost -Wno-four-char-constants -Wno-unknown-pragmas -F/Users/bektchiev/Downloads/libzip-1.5.2/cmake-build/CMakeFiles/CMakeTmp/Debug -DHAVE_FICLONERANGE -MMD -MT dependencies -MF /Users/bektchiev/Downloads/libzip-1.5.2/cmake-build/CMakeFiles/CMakeTmp/CMAKE_TRY_COMPILE.build/Debug/cmTC_926bf.build/Objects-normal/x86_64/src.d --serialize-diagnostics /Users/bektchiev/Downloads/libzip-1.5.2/cmake-build/CMakeFiles/CMakeTmp/CMAKE_TRY_COMPILE.build/Debug/cmTC_926bf.build/Objects-normal/x86_64/src.dia -c /Users/bektchiev/Downloads/libzip-1.5.2/cmake-build/CMakeFiles/CMakeTmp/src.c -o /Users/bektchiev/Downloads/libzip-1.5.2/cmake-build/CMakeFiles/CMakeTmp/CMAKE_TRY_COMPILE.build/Debug/cmTC_926bf.build/Objects-normal/x86_64/src.o
/Users/bektchiev/Downloads/libzip-1.5.2/cmake-build/CMakeFiles/CMakeTmp/src.c:2:10: fatal error: 'linux/fs.h' file not found
#include <linux/fs.h>
         ^~~~~~~~~~~~
1 error generated.

** BUILD FAILED **


The following build commands failed:
	CompileC CMAKE_TRY_COMPILE.build/Debug/cmTC_926bf.build/Objects-normal/x86_64/src.o src.c normal x86_64 c com.apple.compilers.llvm.clang.1_0.compiler
(1 failure)

Source file was:
#include <sys/ioctl.h>
#include <linux/fs.h>
int main(int argc, char *argv[]) { unsigned long x = FICLONERANGE; }
